\BOOKMARK [1][-]{section.1}{Tutorial 1: Aproxima\347\343o de Orbitais Congelados}{}% 1
\BOOKMARK [2][-]{subsection.1.1}{Contextualiza\347\343o}{section.1}% 2
\BOOKMARK [2][-]{subsection.1.2}{Prepara\347\343o dos Arquivos e Execu\347\343o do Programa}{section.1}% 3
\BOOKMARK [2][-]{subsection.1.3}{An\341lises dos Resultados}{section.1}% 4
\BOOKMARK [3][-]{subsubsection.1.3.1}{Descritores Locais Condensados}{subsection.1.3}% 5
\BOOKMARK [3][-]{subsubsection.1.3.2}{Descritores Locais Volum\351tricos}{subsection.1.3}% 6
\BOOKMARK [1][-]{section.2}{Tutorial 2: Aproxima\347\343o de Diferen\347as Finitas}{}% 7
\BOOKMARK [2][-]{subsection.2.1}{Contextualiza\347\343o}{section.2}% 8
\BOOKMARK [2][-]{subsection.2.2}{Prepara\347\343o dos Arquivos e Execu\347\343o do Programa}{section.2}% 9
\BOOKMARK [2][-]{subsection.2.3}{An\341lises dos Resultados}{section.2}% 10
\BOOKMARK [1][-]{section.3}{Tutorial 3: Descritores de Banda}{}% 11
\BOOKMARK [2][-]{subsection.3.1}{Contextualiza\347\343o}{section.3}% 12
\BOOKMARK [2][-]{subsection.3.2}{Prepara\347\343o dos Arquivos e Execu\347\343o do Programa}{section.3}% 13
\BOOKMARK [2][-]{subsection.3.3}{An\341lises dos Resultados}{section.3}% 14
\BOOKMARK [3][-]{subsubsection.3.3.1}{Descritores Condensados}{subsection.3.3}% 15
\BOOKMARK [3][-]{subsubsection.3.3.2}{Representa\347\343o Volum\351trico}{subsection.3.3}% 16
\BOOKMARK [2][-]{subsection.3.4}{Representa\347\343o Especial Para Residuos e Densidade de Estados}{section.3}% 17
\BOOKMARK [1][-]{section.4}{Tutorial 4: An\341lise de For\347a \301cida}{}% 18
\BOOKMARK [2][-]{subsection.4.1}{Contextualiza\347\343o}{section.4}% 19
\BOOKMARK [2][-]{subsection.4.2}{Arquivos Necess\341rios e Execu\347\343o}{section.4}% 20
\BOOKMARK [2][-]{subsection.4.3}{An\341lise dos Resultados}{section.4}% 21
\BOOKMARK [1][-]{section.5}{Tutorial 5: Gerando Cubes}{}% 22
\BOOKMARK [1][-]{section.6}{Tutorial 6: An\341lise de Rea\347\343o Enzim\341tica}{}% 23
\BOOKMARK [2][-]{subsection.6.1}{Contextualiza\347\343o}{section.6}% 24
\BOOKMARK [2][-]{subsection.6.2}{Arquivos necess\341rios e Execu\347\343o}{section.6}% 25
\BOOKMARK [2][-]{subsection.6.3}{An\341lise dos Resultados}{section.6}% 26
