This is pdfTeX, Version 3.14159265-2.6-1.40.20 (TeX Live 2019/Debian) (preloaded format=pdflatex 2021.6.7)  7 DEC 2021 08:38
entering extended mode
 restricted \write18 enabled.
 %&-line parsing enabled.
**tutoriais.tex
(./tutoriais.tex
LaTeX2e <2020-02-02> patch level 2
L3 programming layer <2020-02-14>
(/usr/share/texlive/texmf-dist/tex/latex/refman/refart.cls
Document Class: refart 2006/11/13 v2.0e LaTeX document class
\papermarginwidth=\skip47
(/usr/share/texlive/texmf-dist/tex/latex/base/size11.clo
File: size11.clo 2019/12/20 v1.4l Standard LaTeX file (size option)
)
\leftmarginwidth=\dimen134
\fullwidth=\dimen135
\emptyfoottopmargin=\dimen136
\emptyheadtopmargin=\dimen137
\c@part=\count167
\c@section=\count168
\c@subsection=\count169
\c@subsubsection=\count170
\c@paragraph=\count171
\c@subparagraph=\count172
\c@figure=\count173
\c@table=\count174
\abovecaptionskip=\skip48
\belowcaptionskip=\skip49
\bibindent=\dimen138
)
(/usr/share/texlive/texmf-dist/tex/latex/listingsutf8/listingsutf8.sty
Package: listingsutf8 2019-12-10 v1.5 Allow UTF-8 in listings input (HO)

(/usr/share/texlive/texmf-dist/tex/latex/listings/listings.sty
(/usr/share/texlive/texmf-dist/tex/latex/graphics/keyval.sty
Package: keyval 2014/10/28 v1.15 key=value parser (DPC)
\KV@toks@=\toks14
)
\lst@mode=\count175
\lst@gtempboxa=\box45
\lst@token=\toks15
\lst@length=\count176
\lst@currlwidth=\dimen139
\lst@column=\count177
\lst@pos=\count178
\lst@lostspace=\dimen140
\lst@width=\dimen141
\lst@newlines=\count179
\lst@lineno=\count180
\lst@maxwidth=\dimen142

(/usr/share/texlive/texmf-dist/tex/latex/listings/lstmisc.sty
File: lstmisc.sty 2019/09/10 1.8c (Carsten Heinz)
\c@lstnumber=\count181
\lst@skipnumbers=\count182
\lst@framebox=\box46
)
(/usr/share/texlive/texmf-dist/tex/latex/listings/listings.cfg
File: listings.cfg 2019/09/10 1.8c listings configuration
))
Package: listings 2019/09/10 1.8c (Carsten Heinz)

(/usr/share/texlive/texmf-dist/tex/latex/pdftexcmds/pdftexcmds.sty
Package: pdftexcmds 2019/11/24 v0.31 Utility functions of pdfTeX for LuaTeX (HO
)

(/usr/share/texlive/texmf-dist/tex/generic/infwarerr/infwarerr.sty
Package: infwarerr 2019/12/03 v1.5 Providing info/warning/error messages (HO)
)
(/usr/share/texlive/texmf-dist/tex/generic/iftex/iftex.sty
Package: iftex 2019/11/07 v1.0c TeX engine tests
)
(/usr/share/texlive/texmf-dist/tex/generic/ltxcmds/ltxcmds.sty
Package: ltxcmds 2019/12/15 v1.24 LaTeX kernel commands for general use (HO)
)
Package pdftexcmds Info: \pdf@primitive is available.
Package pdftexcmds Info: \pdf@ifprimitive is available.
Package pdftexcmds Info: \pdfdraftmode found.
)
(/usr/share/texlive/texmf-dist/tex/generic/stringenc/stringenc.sty
Package: stringenc 2019/11/29 v1.12 Convert strings between diff. encodings (HO
)

(/usr/share/texlive/texmf-dist/tex/generic/pdfescape/pdfescape.sty
Package: pdfescape 2019/12/09 v1.15 Implements pdfTeX's escape features (HO)
)))
(/usr/share/texlive/texmf-dist/tex/generic/babel/babel.sty
Package: babel 2020/02/14 3.40 The Babel package

(/usr/share/texlive/texmf-dist/tex/generic/babel/switch.def
File: switch.def 2020/02/14 3.40 Babel switching mechanism
)
(/usr/share/texlive/texmf-dist/tex/generic/babel-portuges/portuges.ldf
Language: portuges 2008/03/18 v1.2q Portuguese support from the babel system

(/usr/share/texlive/texmf-dist/tex/generic/babel/babel.def
File: babel.def 2020/02/14 3.40 Babel common definitions
\babel@savecnt=\count183
\U@D=\dimen143

(/usr/share/texlive/texmf-dist/tex/generic/babel/txtbabel.def)
\bbl@readstream=\read2
\bbl@dirlevel=\count184
)
Package babel Info: \l@brazilian = using hyphenrules for portuguese
(babel)             (\language61) on input line 113.
Package babel Info: Making " an active character on input line 145.
))
(/usr/share/texlive/texmf-dist/tex/latex/base/inputenc.sty
Package: inputenc 2018/08/11 v1.3c Input encoding file
\inpenc@prehook=\toks16
\inpenc@posthook=\toks17
)
(/usr/share/texlive/texmf-dist/tex/latex/base/fontenc.sty
Package: fontenc 2020/02/11 v2.0o Standard LaTeX package
)
(/usr/share/texlive/texmf-dist/tex/latex/pgf/frontendlayer/tikz.sty
(/usr/share/texlive/texmf-dist/tex/latex/pgf/basiclayer/pgf.sty
(/usr/share/texlive/texmf-dist/tex/latex/pgf/utilities/pgfrcs.sty
(/usr/share/texlive/texmf-dist/tex/generic/pgf/utilities/pgfutil-common.tex
\pgfutil@everybye=\toks18
\pgfutil@tempdima=\dimen144
\pgfutil@tempdimb=\dimen145

(/usr/share/texlive/texmf-dist/tex/generic/pgf/utilities/pgfutil-common-lists.t
ex)) (/usr/share/texlive/texmf-dist/tex/generic/pgf/utilities/pgfutil-latex.def
\pgfutil@abb=\box47
(/usr/share/texlive/texmf-dist/tex/latex/ms/everyshi.sty
Package: everyshi 2001/05/15 v3.00 EveryShipout Package (MS)
))
(/usr/share/texlive/texmf-dist/tex/generic/pgf/utilities/pgfrcs.code.tex
(/usr/share/texlive/texmf-dist/tex/generic/pgf/pgf.revision.tex)
Package: pgfrcs 2020/01/08 v3.1.5b (3.1.5b)
))
Package: pgf 2020/01/08 v3.1.5b (3.1.5b)

(/usr/share/texlive/texmf-dist/tex/latex/pgf/basiclayer/pgfcore.sty
(/usr/share/texlive/texmf-dist/tex/latex/graphics/graphicx.sty
Package: graphicx 2019/11/30 v1.2a Enhanced LaTeX Graphics (DPC,SPQR)

(/usr/share/texlive/texmf-dist/tex/latex/graphics/graphics.sty
Package: graphics 2019/11/30 v1.4a Standard LaTeX Graphics (DPC,SPQR)

(/usr/share/texlive/texmf-dist/tex/latex/graphics/trig.sty
Package: trig 2016/01/03 v1.10 sin cos tan (DPC)
)
(/usr/share/texlive/texmf-dist/tex/latex/graphics-cfg/graphics.cfg
File: graphics.cfg 2016/06/04 v1.11 sample graphics configuration
)
Package graphics Info: Driver file: pdftex.def on input line 105.

(/usr/share/texlive/texmf-dist/tex/latex/graphics-def/pdftex.def
File: pdftex.def 2018/01/08 v1.0l Graphics/color driver for pdftex
))
\Gin@req@height=\dimen146
\Gin@req@width=\dimen147
)
(/usr/share/texlive/texmf-dist/tex/latex/pgf/systemlayer/pgfsys.sty
(/usr/share/texlive/texmf-dist/tex/generic/pgf/systemlayer/pgfsys.code.tex
Package: pgfsys 2020/01/08 v3.1.5b (3.1.5b)

(/usr/share/texlive/texmf-dist/tex/generic/pgf/utilities/pgfkeys.code.tex
\pgfkeys@pathtoks=\toks19
\pgfkeys@temptoks=\toks20

(/usr/share/texlive/texmf-dist/tex/generic/pgf/utilities/pgfkeysfiltered.code.t
ex
\pgfkeys@tmptoks=\toks21
))
\pgf@x=\dimen148
\pgf@y=\dimen149
\pgf@xa=\dimen150
\pgf@ya=\dimen151
\pgf@xb=\dimen152
\pgf@yb=\dimen153
\pgf@xc=\dimen154
\pgf@yc=\dimen155
\pgf@xd=\dimen156
\pgf@yd=\dimen157
\w@pgf@writea=\write3
\r@pgf@reada=\read3
\c@pgf@counta=\count185
\c@pgf@countb=\count186
\c@pgf@countc=\count187
\c@pgf@countd=\count188
\t@pgf@toka=\toks22
\t@pgf@tokb=\toks23
\t@pgf@tokc=\toks24
\pgf@sys@id@count=\count189
 (/usr/share/texlive/texmf-dist/tex/generic/pgf/systemlayer/pgf.cfg
File: pgf.cfg 2020/01/08 v3.1.5b (3.1.5b)
)
Driver file for pgf: pgfsys-pdftex.def

(/usr/share/texlive/texmf-dist/tex/generic/pgf/systemlayer/pgfsys-pdftex.def
File: pgfsys-pdftex.def 2020/01/08 v3.1.5b (3.1.5b)

(/usr/share/texlive/texmf-dist/tex/generic/pgf/systemlayer/pgfsys-common-pdf.de
f
File: pgfsys-common-pdf.def 2020/01/08 v3.1.5b (3.1.5b)
)))
(/usr/share/texlive/texmf-dist/tex/generic/pgf/systemlayer/pgfsyssoftpath.code.
tex
File: pgfsyssoftpath.code.tex 2020/01/08 v3.1.5b (3.1.5b)
\pgfsyssoftpath@smallbuffer@items=\count190
\pgfsyssoftpath@bigbuffer@items=\count191
)
(/usr/share/texlive/texmf-dist/tex/generic/pgf/systemlayer/pgfsysprotocol.code.
tex
File: pgfsysprotocol.code.tex 2020/01/08 v3.1.5b (3.1.5b)
)) (/usr/share/texlive/texmf-dist/tex/latex/xcolor/xcolor.sty
Package: xcolor 2016/05/11 v2.12 LaTeX color extensions (UK)

(/usr/share/texlive/texmf-dist/tex/latex/graphics-cfg/color.cfg
File: color.cfg 2016/01/02 v1.6 sample color configuration
)
Package xcolor Info: Driver file: pdftex.def on input line 225.
Package xcolor Info: Model `cmy' substituted by `cmy0' on input line 1348.
Package xcolor Info: Model `hsb' substituted by `rgb' on input line 1352.
Package xcolor Info: Model `RGB' extended on input line 1364.
Package xcolor Info: Model `HTML' substituted by `rgb' on input line 1366.
Package xcolor Info: Model `Hsb' substituted by `hsb' on input line 1367.
Package xcolor Info: Model `tHsb' substituted by `hsb' on input line 1368.
Package xcolor Info: Model `HSB' substituted by `hsb' on input line 1369.
Package xcolor Info: Model `Gray' substituted by `gray' on input line 1370.
Package xcolor Info: Model `wave' substituted by `hsb' on input line 1371.
)
(/usr/share/texlive/texmf-dist/tex/generic/pgf/basiclayer/pgfcore.code.tex
Package: pgfcore 2020/01/08 v3.1.5b (3.1.5b)

(/usr/share/texlive/texmf-dist/tex/generic/pgf/math/pgfmath.code.tex
(/usr/share/texlive/texmf-dist/tex/generic/pgf/math/pgfmathcalc.code.tex
(/usr/share/texlive/texmf-dist/tex/generic/pgf/math/pgfmathutil.code.tex)
(/usr/share/texlive/texmf-dist/tex/generic/pgf/math/pgfmathparser.code.tex
\pgfmath@dimen=\dimen158
\pgfmath@count=\count192
\pgfmath@box=\box48
\pgfmath@toks=\toks25
\pgfmath@stack@operand=\toks26
\pgfmath@stack@operation=\toks27
)
(/usr/share/texlive/texmf-dist/tex/generic/pgf/math/pgfmathfunctions.code.tex
(/usr/share/texlive/texmf-dist/tex/generic/pgf/math/pgfmathfunctions.basic.code
.tex)
(/usr/share/texlive/texmf-dist/tex/generic/pgf/math/pgfmathfunctions.trigonomet
ric.code.tex)
(/usr/share/texlive/texmf-dist/tex/generic/pgf/math/pgfmathfunctions.random.cod
e.tex)
(/usr/share/texlive/texmf-dist/tex/generic/pgf/math/pgfmathfunctions.comparison
.code.tex)
(/usr/share/texlive/texmf-dist/tex/generic/pgf/math/pgfmathfunctions.base.code.
tex)
(/usr/share/texlive/texmf-dist/tex/generic/pgf/math/pgfmathfunctions.round.code
.tex)
(/usr/share/texlive/texmf-dist/tex/generic/pgf/math/pgfmathfunctions.misc.code.
tex)
(/usr/share/texlive/texmf-dist/tex/generic/pgf/math/pgfmathfunctions.integerari
thmetics.code.tex)))
(/usr/share/texlive/texmf-dist/tex/generic/pgf/math/pgfmathfloat.code.tex
\c@pgfmathroundto@lastzeros=\count193
))
(/usr/share/texlive/texmf-dist/tex/generic/pgf/math/pgfint.code.tex)
(/usr/share/texlive/texmf-dist/tex/generic/pgf/basiclayer/pgfcorepoints.code.te
x
File: pgfcorepoints.code.tex 2020/01/08 v3.1.5b (3.1.5b)
\pgf@picminx=\dimen159
\pgf@picmaxx=\dimen160
\pgf@picminy=\dimen161
\pgf@picmaxy=\dimen162
\pgf@pathminx=\dimen163
\pgf@pathmaxx=\dimen164
\pgf@pathminy=\dimen165
\pgf@pathmaxy=\dimen166
\pgf@xx=\dimen167
\pgf@xy=\dimen168
\pgf@yx=\dimen169
\pgf@yy=\dimen170
\pgf@zx=\dimen171
\pgf@zy=\dimen172
)
(/usr/share/texlive/texmf-dist/tex/generic/pgf/basiclayer/pgfcorepathconstruct.
code.tex
File: pgfcorepathconstruct.code.tex 2020/01/08 v3.1.5b (3.1.5b)
\pgf@path@lastx=\dimen173
\pgf@path@lasty=\dimen174
)
(/usr/share/texlive/texmf-dist/tex/generic/pgf/basiclayer/pgfcorepathusage.code
.tex
File: pgfcorepathusage.code.tex 2020/01/08 v3.1.5b (3.1.5b)
\pgf@shorten@end@additional=\dimen175
\pgf@shorten@start@additional=\dimen176
)
(/usr/share/texlive/texmf-dist/tex/generic/pgf/basiclayer/pgfcorescopes.code.te
x
File: pgfcorescopes.code.tex 2020/01/08 v3.1.5b (3.1.5b)
\pgfpic=\box49
\pgf@hbox=\box50
\pgf@layerbox@main=\box51
\pgf@picture@serial@count=\count194
)
(/usr/share/texlive/texmf-dist/tex/generic/pgf/basiclayer/pgfcoregraphicstate.c
ode.tex
File: pgfcoregraphicstate.code.tex 2020/01/08 v3.1.5b (3.1.5b)
\pgflinewidth=\dimen177
)
(/usr/share/texlive/texmf-dist/tex/generic/pgf/basiclayer/pgfcoretransformation
s.code.tex
File: pgfcoretransformations.code.tex 2020/01/08 v3.1.5b (3.1.5b)
\pgf@pt@x=\dimen178
\pgf@pt@y=\dimen179
\pgf@pt@temp=\dimen180
)
(/usr/share/texlive/texmf-dist/tex/generic/pgf/basiclayer/pgfcorequick.code.tex
File: pgfcorequick.code.tex 2020/01/08 v3.1.5b (3.1.5b)
)
(/usr/share/texlive/texmf-dist/tex/generic/pgf/basiclayer/pgfcoreobjects.code.t
ex
File: pgfcoreobjects.code.tex 2020/01/08 v3.1.5b (3.1.5b)
)
(/usr/share/texlive/texmf-dist/tex/generic/pgf/basiclayer/pgfcorepathprocessing
.code.tex
File: pgfcorepathprocessing.code.tex 2020/01/08 v3.1.5b (3.1.5b)
)
(/usr/share/texlive/texmf-dist/tex/generic/pgf/basiclayer/pgfcorearrows.code.te
x
File: pgfcorearrows.code.tex 2020/01/08 v3.1.5b (3.1.5b)
\pgfarrowsep=\dimen181
)
(/usr/share/texlive/texmf-dist/tex/generic/pgf/basiclayer/pgfcoreshade.code.tex
File: pgfcoreshade.code.tex 2020/01/08 v3.1.5b (3.1.5b)
\pgf@max=\dimen182
\pgf@sys@shading@range@num=\count195
\pgf@shadingcount=\count196
)
(/usr/share/texlive/texmf-dist/tex/generic/pgf/basiclayer/pgfcoreimage.code.tex
File: pgfcoreimage.code.tex 2020/01/08 v3.1.5b (3.1.5b)

(/usr/share/texlive/texmf-dist/tex/generic/pgf/basiclayer/pgfcoreexternal.code.
tex
File: pgfcoreexternal.code.tex 2020/01/08 v3.1.5b (3.1.5b)
\pgfexternal@startupbox=\box52
))
(/usr/share/texlive/texmf-dist/tex/generic/pgf/basiclayer/pgfcorelayers.code.te
x
File: pgfcorelayers.code.tex 2020/01/08 v3.1.5b (3.1.5b)
)
(/usr/share/texlive/texmf-dist/tex/generic/pgf/basiclayer/pgfcoretransparency.c
ode.tex
File: pgfcoretransparency.code.tex 2020/01/08 v3.1.5b (3.1.5b)
)
(/usr/share/texlive/texmf-dist/tex/generic/pgf/basiclayer/pgfcorepatterns.code.
tex
File: pgfcorepatterns.code.tex 2020/01/08 v3.1.5b (3.1.5b)
)
(/usr/share/texlive/texmf-dist/tex/generic/pgf/basiclayer/pgfcorerdf.code.tex
File: pgfcorerdf.code.tex 2020/01/08 v3.1.5b (3.1.5b)
)))
(/usr/share/texlive/texmf-dist/tex/generic/pgf/modules/pgfmoduleshapes.code.tex
File: pgfmoduleshapes.code.tex 2020/01/08 v3.1.5b (3.1.5b)
\pgfnodeparttextbox=\box53
) (/usr/share/texlive/texmf-dist/tex/generic/pgf/modules/pgfmoduleplot.code.tex
File: pgfmoduleplot.code.tex 2020/01/08 v3.1.5b (3.1.5b)
)
(/usr/share/texlive/texmf-dist/tex/latex/pgf/compatibility/pgfcomp-version-0-65
.sty
Package: pgfcomp-version-0-65 2020/01/08 v3.1.5b (3.1.5b)
\pgf@nodesepstart=\dimen183
\pgf@nodesepend=\dimen184
)
(/usr/share/texlive/texmf-dist/tex/latex/pgf/compatibility/pgfcomp-version-1-18
.sty
Package: pgfcomp-version-1-18 2020/01/08 v3.1.5b (3.1.5b)
)) (/usr/share/texlive/texmf-dist/tex/latex/pgf/utilities/pgffor.sty
(/usr/share/texlive/texmf-dist/tex/latex/pgf/utilities/pgfkeys.sty
(/usr/share/texlive/texmf-dist/tex/generic/pgf/utilities/pgfkeys.code.tex))
(/usr/share/texlive/texmf-dist/tex/latex/pgf/math/pgfmath.sty
(/usr/share/texlive/texmf-dist/tex/generic/pgf/math/pgfmath.code.tex))
(/usr/share/texlive/texmf-dist/tex/generic/pgf/utilities/pgffor.code.tex
Package: pgffor 2020/01/08 v3.1.5b (3.1.5b)

(/usr/share/texlive/texmf-dist/tex/generic/pgf/math/pgfmath.code.tex)
\pgffor@iter=\dimen185
\pgffor@skip=\dimen186
\pgffor@stack=\toks28
\pgffor@toks=\toks29
))
(/usr/share/texlive/texmf-dist/tex/generic/pgf/frontendlayer/tikz/tikz.code.tex
Package: tikz 2020/01/08 v3.1.5b (3.1.5b)

(/usr/share/texlive/texmf-dist/tex/generic/pgf/libraries/pgflibraryplothandlers
.code.tex
File: pgflibraryplothandlers.code.tex 2020/01/08 v3.1.5b (3.1.5b)
\pgf@plot@mark@count=\count197
\pgfplotmarksize=\dimen187
)
\tikz@lastx=\dimen188
\tikz@lasty=\dimen189
\tikz@lastxsaved=\dimen190
\tikz@lastysaved=\dimen191
\tikz@lastmovetox=\dimen192
\tikz@lastmovetoy=\dimen193
\tikzleveldistance=\dimen194
\tikzsiblingdistance=\dimen195
\tikz@figbox=\box54
\tikz@figbox@bg=\box55
\tikz@tempbox=\box56
\tikz@tempbox@bg=\box57
\tikztreelevel=\count198
\tikznumberofchildren=\count199
\tikznumberofcurrentchild=\count266
\tikz@fig@count=\count267

(/usr/share/texlive/texmf-dist/tex/generic/pgf/modules/pgfmodulematrix.code.tex
File: pgfmodulematrix.code.tex 2020/01/08 v3.1.5b (3.1.5b)
\pgfmatrixcurrentrow=\count268
\pgfmatrixcurrentcolumn=\count269
\pgf@matrix@numberofcolumns=\count270
)
\tikz@expandcount=\count271

(/usr/share/texlive/texmf-dist/tex/generic/pgf/frontendlayer/tikz/libraries/tik
zlibrarytopaths.code.tex
File: tikzlibrarytopaths.code.tex 2020/01/08 v3.1.5b (3.1.5b)
)))
(/usr/share/texlive/texmf-dist/tex/generic/pgf/frontendlayer/tikz/libraries/tik
zlibraryshapes.code.tex
File: tikzlibraryshapes.code.tex 2020/01/08 v3.1.5b (3.1.5b)

(/usr/share/texlive/texmf-dist/tex/generic/pgf/frontendlayer/tikz/libraries/tik
zlibraryshapes.geometric.code.tex
File: tikzlibraryshapes.geometric.code.tex 2020/01/08 v3.1.5b (3.1.5b)

(/usr/share/texlive/texmf-dist/tex/generic/pgf/libraries/shapes/pgflibraryshape
s.geometric.code.tex
File: pgflibraryshapes.geometric.code.tex 2020/01/08 v3.1.5b (3.1.5b)
))
(/usr/share/texlive/texmf-dist/tex/generic/pgf/frontendlayer/tikz/libraries/tik
zlibraryshapes.misc.code.tex
File: tikzlibraryshapes.misc.code.tex 2020/01/08 v3.1.5b (3.1.5b)

(/usr/share/texlive/texmf-dist/tex/generic/pgf/libraries/shapes/pgflibraryshape
s.misc.code.tex
File: pgflibraryshapes.misc.code.tex 2020/01/08 v3.1.5b (3.1.5b)
))
(/usr/share/texlive/texmf-dist/tex/generic/pgf/frontendlayer/tikz/libraries/tik
zlibraryshapes.symbols.code.tex
File: tikzlibraryshapes.symbols.code.tex 2020/01/08 v3.1.5b (3.1.5b)

(/usr/share/texlive/texmf-dist/tex/generic/pgf/libraries/shapes/pgflibraryshape
s.symbols.code.tex
File: pgflibraryshapes.symbols.code.tex 2020/01/08 v3.1.5b (3.1.5b)
))
(/usr/share/texlive/texmf-dist/tex/generic/pgf/frontendlayer/tikz/libraries/tik
zlibraryshapes.arrows.code.tex
File: tikzlibraryshapes.arrows.code.tex 2020/01/08 v3.1.5b (3.1.5b)

(/usr/share/texlive/texmf-dist/tex/generic/pgf/libraries/shapes/pgflibraryshape
s.arrows.code.tex
File: pgflibraryshapes.arrows.code.tex 2020/01/08 v3.1.5b (3.1.5b)
))
(/usr/share/texlive/texmf-dist/tex/generic/pgf/frontendlayer/tikz/libraries/tik
zlibraryshapes.callouts.code.tex
(/usr/share/texlive/texmf-dist/tex/generic/pgf/libraries/shapes/pgflibraryshape
s.callouts.code.tex))
(/usr/share/texlive/texmf-dist/tex/generic/pgf/frontendlayer/tikz/libraries/tik
zlibraryshapes.multipart.code.tex
File: tikzlibraryshapes.multipart.code.tex 2020/01/08 v3.1.5b (3.1.5b)

(/usr/share/texlive/texmf-dist/tex/generic/pgf/libraries/shapes/pgflibraryshape
s.multipart.code.tex
File: pgflibraryshapes.multipart.code.tex 2020/01/08 v3.1.5b (3.1.5b)
\pgfnodepartlowerbox=\box58
\pgfnodeparttwobox=\box59
\pgfnodepartthreebox=\box60
\pgfnodepartfourbox=\box61
\pgfnodeparttwentybox=\box62
\pgfnodepartnineteenbox=\box63
\pgfnodeparteighteenbox=\box64
\pgfnodepartseventeenbox=\box65
\pgfnodepartsixteenbox=\box66
\pgfnodepartfifteenbox=\box67
\pgfnodepartfourteenbox=\box68
\pgfnodepartthirteenbox=\box69
\pgfnodeparttwelvebox=\box70
\pgfnodepartelevenbox=\box71
\pgfnodeparttenbox=\box72
\pgfnodepartninebox=\box73
\pgfnodeparteightbox=\box74
\pgfnodepartsevenbox=\box75
\pgfnodepartsixbox=\box76
\pgfnodepartfivebox=\box77
)))
(/usr/share/texlive/texmf-dist/tex/generic/pgf/frontendlayer/tikz/libraries/tik
zlibraryarrows.code.tex
File: tikzlibraryarrows.code.tex 2020/01/08 v3.1.5b (3.1.5b)

(/usr/share/texlive/texmf-dist/tex/generic/pgf/libraries/pgflibraryarrows.code.
tex
File: pgflibraryarrows.code.tex 2020/01/08 v3.1.5b (3.1.5b)
\arrowsize=\dimen196
)) (/usr/share/texlive/texmf-dist/tex/latex/float/float.sty
Package: float 2001/11/08 v1.3d Float enhancements (AL)
\c@float@type=\count272
\float@exts=\toks30
\float@box=\box78
\@float@everytoks=\toks31
\@floatcapt=\box79
)
(/usr/share/texlive/texmf-dist/tex/latex/microtype/microtype.sty
Package: microtype 2019/11/18 v2.7d Micro-typographical refinements (RS)
\MT@toks=\toks32
\MT@count=\count273
LaTeX Info: Redefining \textls on input line 790.
\MT@outer@kern=\dimen197
LaTeX Info: Redefining \textmicrotypecontext on input line 1354.
\MT@listname@count=\count274

(/usr/share/texlive/texmf-dist/tex/latex/microtype/microtype-pdftex.def
File: microtype-pdftex.def 2019/11/18 v2.7d Definitions specific to pdftex (RS)

LaTeX Info: Redefining \lsstyle on input line 914.
LaTeX Info: Redefining \lslig on input line 914.
\MT@outer@space=\skip50
)
Package microtype Info: Loading configuration file microtype.cfg.

(/usr/share/texlive/texmf-dist/tex/latex/microtype/microtype.cfg
File: microtype.cfg 2019/11/18 v2.7d microtype main configuration file (RS)
))
(/usr/share/texlive/texmf-dist/tex/latex/enumitem/enumitem.sty
Package: enumitem 2019/06/20 v3.9 Customized lists
\labelindent=\skip51
\enit@outerparindent=\dimen198
\enit@toks=\toks33
\enit@inbox=\box80
\enit@count@id=\count275
\enitdp@description=\count276
)
(/usr/share/texlive/texmf-dist/tex/latex/menukeys/menukeys.sty
Package: menukeys 2016/08/08 v1.5 -- A package to format menus, paths and short
cuts

(/usr/share/texlive/texmf-dist/tex/latex/l3packages/xparse/xparse.sty
(/usr/share/texlive/texmf-dist/tex/latex/l3kernel/expl3.sty
Package: expl3 2020-02-14 L3 programming layer (loader) 

(/usr/share/texlive/texmf-dist/tex/latex/l3backend/l3backend-pdfmode.def
File: l3backend-pdfmode.def 2020-02-03 L3 backend support: PDF mode
\l__kernel_color_stack_int=\count277
\l__pdf_internal_box=\box81
))
Package: xparse 2020-02-14 L3 Experimental document command parser
\l__xparse_current_arg_int=\count278
\g__xparse_grabber_int=\count279
\l__xparse_m_args_int=\count280
\l__xparse_v_nesting_int=\count281
)
(/usr/share/texlive/texmf-dist/tex/generic/xstring/xstring.sty
(/usr/share/texlive/texmf-dist/tex/generic/xstring/xstring.tex
\integerpart=\count282
\decimalpart=\count283
)
Package: xstring 2019/02/06 v1.83 String manipulations (CT)
)
(/usr/share/texlive/texmf-dist/tex/latex/etoolbox/etoolbox.sty
Package: etoolbox 2019/09/21 v2.5h e-TeX tools for LaTeX (JAW)
\etb@tempcnta=\count284
)
(/usr/share/texlive/texmf-dist/tex/generic/pgf/frontendlayer/tikz/libraries/tik
zlibrarycalc.code.tex
File: tikzlibrarycalc.code.tex 2020/01/08 v3.1.5b (3.1.5b)
)
(/usr/share/texlive/texmf-dist/tex/generic/pgf/frontendlayer/tikz/libraries/tik
zlibraryshadows.code.tex
File: tikzlibraryshadows.code.tex 2020/01/08 v3.1.5b (3.1.5b)

(/usr/share/texlive/texmf-dist/tex/generic/pgf/frontendlayer/tikz/libraries/tik
zlibraryfadings.code.tex
File: tikzlibraryfadings.code.tex 2020/01/08 v3.1.5b (3.1.5b)

(/usr/share/texlive/texmf-dist/tex/generic/pgf/libraries/pgflibraryfadings.code
.tex
File: pgflibraryfadings.code.tex 2020/01/08 v3.1.5b (3.1.5b)
))) (/usr/share/texlive/texmf-dist/tex/latex/adjustbox/adjustbox.sty
Package: adjustbox 2019/01/04 v1.2 Adjusting TeX boxes (trim, clip, ...)

(/usr/share/texlive/texmf-dist/tex/latex/xkeyval/xkeyval.sty
Package: xkeyval 2014/12/03 v2.7a package option processing (HA)

(/usr/share/texlive/texmf-dist/tex/generic/xkeyval/xkeyval.tex
(/usr/share/texlive/texmf-dist/tex/generic/xkeyval/xkvutils.tex
\XKV@toks=\toks34
\XKV@tempa@toks=\toks35
)
\XKV@depth=\count285
File: xkeyval.tex 2014/12/03 v2.7a key=value parser (HA)
))
(/usr/share/texlive/texmf-dist/tex/latex/adjustbox/adjcalc.sty
Package: adjcalc 2012/05/16 v1.1 Provides advanced setlength with multiple back
-ends (calc, etex, pgfmath)
)
(/usr/share/texlive/texmf-dist/tex/latex/adjustbox/trimclip.sty
Package: trimclip 2018/04/08 v1.1 Trim and clip general TeX material

(/usr/share/texlive/texmf-dist/tex/latex/collectbox/collectbox.sty
Package: collectbox 2012/05/17 v0.4b Collect macro arguments as boxes
\collectedbox=\box82
)
\tc@llx=\dimen199
\tc@lly=\dimen256
\tc@urx=\dimen257
\tc@ury=\dimen258
Package trimclip Info: Using driver 'tc-pdftex.def'.

(/usr/share/texlive/texmf-dist/tex/latex/adjustbox/tc-pdftex.def
File: tc-pdftex.def 2019/01/04 v2.2 Clipping driver for pdftex
))
\adjbox@Width=\dimen259
\adjbox@Height=\dimen260
\adjbox@Depth=\dimen261
\adjbox@Totalheight=\dimen262
\adjbox@pwidth=\dimen263
\adjbox@pheight=\dimen264
\adjbox@pdepth=\dimen265
\adjbox@ptotalheight=\dimen266

(/usr/share/texlive/texmf-dist/tex/latex/ifoddpage/ifoddpage.sty
Package: ifoddpage 2016/04/23 v1.1 Conditionals for odd/even page detection
\c@checkoddpage=\count286
)
(/usr/share/texlive/texmf-dist/tex/latex/varwidth/varwidth.sty
Package: varwidth 2009/03/30 ver 0.92;  Variable-width minipages
\@vwid@box=\box83
\sift@deathcycles=\count287
\@vwid@loff=\dimen267
\@vwid@roff=\dimen268
))
(/usr/share/texlive/texmf-dist/tex/latex/relsize/relsize.sty
Package: relsize 2013/03/29 ver 4.1
)
(/usr/share/texlive/texmf-dist/tex/latex/catoptions/catoptions.sty
\m@one=\count288
\z@pt=\dimen269
Package: catoptions 2014/08/29 v0.2.7h Securing catcodes and parsing options (A
M)
\cpt@csvdepth=\count289
\cpt@optdepth=\count290
\cpt@cnta=\count291
\indrisdepth=\count292
\cpt@foreachdepth=\count293
\cpt@exprcnt=\count294
)
(/usr/share/texlive/texmf-dist/tex/latex/kvoptions/kvoptions.sty
Package: kvoptions 2019/11/29 v3.13 Key value format for package options (HO)

(/usr/share/texlive/texmf-dist/tex/generic/kvsetkeys/kvsetkeys.sty
Package: kvsetkeys 2019/12/15 v1.18 Key value parser (HO)
))
\c@tw@hyphen@char@num=\count295
)
(/usr/share/texlive/texmf-dist/tex/latex/framed/framed.sty
Package: framed 2011/10/22 v 0.96: framed or shaded text with page breaks
\OuterFrameSep=\skip52
\fb@frw=\dimen270
\fb@frh=\dimen271
\FrameRule=\dimen272
\FrameSep=\dimen273
)
(/usr/share/texlive/texmf-dist/tex/latex/base/fontenc.sty
Package: fontenc 2020/02/11 v2.0o Standard LaTeX package
)
(/usr/share/texmf/tex/latex/lm/lmodern.sty
Package: lmodern 2009/10/30 v1.6 Latin Modern Fonts
LaTeX Font Info:    Overwriting symbol font `operators' in version `normal'
(Font)                  OT1/cmr/m/n --> OT1/lmr/m/n on input line 22.
LaTeX Font Info:    Overwriting symbol font `letters' in version `normal'
(Font)                  OML/cmm/m/it --> OML/lmm/m/it on input line 23.
LaTeX Font Info:    Overwriting symbol font `symbols' in version `normal'
(Font)                  OMS/cmsy/m/n --> OMS/lmsy/m/n on input line 24.
LaTeX Font Info:    Overwriting symbol font `largesymbols' in version `normal'
(Font)                  OMX/cmex/m/n --> OMX/lmex/m/n on input line 25.
LaTeX Font Info:    Overwriting symbol font `operators' in version `bold'
(Font)                  OT1/cmr/bx/n --> OT1/lmr/bx/n on input line 26.
LaTeX Font Info:    Overwriting symbol font `letters' in version `bold'
(Font)                  OML/cmm/b/it --> OML/lmm/b/it on input line 27.
LaTeX Font Info:    Overwriting symbol font `symbols' in version `bold'
(Font)                  OMS/cmsy/b/n --> OMS/lmsy/b/n on input line 28.
LaTeX Font Info:    Overwriting symbol font `largesymbols' in version `bold'
(Font)                  OMX/cmex/m/n --> OMX/lmex/m/n on input line 29.
LaTeX Font Info:    Overwriting math alphabet `\mathbf' in version `normal'
(Font)                  OT1/cmr/bx/n --> OT1/lmr/bx/n on input line 31.
LaTeX Font Info:    Overwriting math alphabet `\mathsf' in version `normal'
(Font)                  OT1/cmss/m/n --> OT1/lmss/m/n on input line 32.
LaTeX Font Info:    Overwriting math alphabet `\mathit' in version `normal'
(Font)                  OT1/cmr/m/it --> OT1/lmr/m/it on input line 33.
LaTeX Font Info:    Overwriting math alphabet `\mathtt' in version `normal'
(Font)                  OT1/cmtt/m/n --> OT1/lmtt/m/n on input line 34.
LaTeX Font Info:    Overwriting math alphabet `\mathbf' in version `bold'
(Font)                  OT1/cmr/bx/n --> OT1/lmr/bx/n on input line 35.
LaTeX Font Info:    Overwriting math alphabet `\mathsf' in version `bold'
(Font)                  OT1/cmss/bx/n --> OT1/lmss/bx/n on input line 36.
LaTeX Font Info:    Overwriting math alphabet `\mathit' in version `bold'
(Font)                  OT1/cmr/bx/it --> OT1/lmr/bx/it on input line 37.
LaTeX Font Info:    Overwriting math alphabet `\mathtt' in version `bold'
(Font)                  OT1/cmtt/m/n --> OT1/lmtt/m/n on input line 38.
)
(/usr/share/texlive/texmf-dist/tex/latex/hyperref/hyperref.sty
Package: hyperref 2020/01/14 v7.00d Hypertext links for LaTeX

(/usr/share/texlive/texmf-dist/tex/generic/kvdefinekeys/kvdefinekeys.sty
Package: kvdefinekeys 2019-12-19 v1.6 Define keys (HO)
)
(/usr/share/texlive/texmf-dist/tex/latex/hycolor/hycolor.sty
Package: hycolor 2020-01-27 v1.10 Color options for hyperref/bookmark (HO)
)
(/usr/share/texlive/texmf-dist/tex/latex/letltxmacro/letltxmacro.sty
Package: letltxmacro 2019/12/03 v1.6 Let assignment for LaTeX macros (HO)
)
(/usr/share/texlive/texmf-dist/tex/latex/auxhook/auxhook.sty
Package: auxhook 2019-12-17 v1.6 Hooks for auxiliary files (HO)
)
\@linkdim=\dimen274
\Hy@linkcounter=\count296
\Hy@pagecounter=\count297

(/usr/share/texlive/texmf-dist/tex/latex/hyperref/pd1enc.def
File: pd1enc.def 2020/01/14 v7.00d Hyperref: PDFDocEncoding definition (HO)
Now handling font encoding PD1 ...
... no UTF-8 mapping file for font encoding PD1
)
(/usr/share/texlive/texmf-dist/tex/generic/intcalc/intcalc.sty
Package: intcalc 2019/12/15 v1.3 Expandable calculations with integers (HO)
)
(/usr/share/texlive/texmf-dist/tex/generic/etexcmds/etexcmds.sty
Package: etexcmds 2019/12/15 v1.7 Avoid name clashes with e-TeX commands (HO)
)
\Hy@SavedSpaceFactor=\count298
\pdfmajorversion=\count299
Package hyperref Info: Hyper figures OFF on input line 4547.
Package hyperref Info: Link nesting OFF on input line 4552.
Package hyperref Info: Hyper index ON on input line 4555.
Package hyperref Info: Plain pages OFF on input line 4562.
Package hyperref Info: Backreferencing OFF on input line 4567.
Package hyperref Info: Implicit mode ON; LaTeX internals redefined.
Package hyperref Info: Bookmarks ON on input line 4800.
\c@Hy@tempcnt=\count300

(/usr/share/texlive/texmf-dist/tex/latex/url/url.sty
\Urlmuskip=\muskip16
Package: url 2013/09/16  ver 3.4  Verb mode for urls, etc.
)
LaTeX Info: Redefining \url on input line 5159.
\XeTeXLinkMargin=\dimen275

(/usr/share/texlive/texmf-dist/tex/generic/bitset/bitset.sty
Package: bitset 2019/12/09 v1.3 Handle bit-vector datatype (HO)

(/usr/share/texlive/texmf-dist/tex/generic/bigintcalc/bigintcalc.sty
Package: bigintcalc 2019/12/15 v1.5 Expandable calculations on big integers (HO
)
))
\Fld@menulength=\count301
\Field@Width=\dimen276
\Fld@charsize=\dimen277
Package hyperref Info: Hyper figures OFF on input line 6430.
Package hyperref Info: Link nesting OFF on input line 6435.
Package hyperref Info: Hyper index ON on input line 6438.
Package hyperref Info: backreferencing OFF on input line 6445.
Package hyperref Info: Link coloring OFF on input line 6450.
Package hyperref Info: Link coloring with OCG OFF on input line 6455.
Package hyperref Info: PDF/A mode OFF on input line 6460.
LaTeX Info: Redefining \ref on input line 6500.
LaTeX Info: Redefining \pageref on input line 6504.

(/usr/share/texlive/texmf-dist/tex/generic/atbegshi/atbegshi.sty
Package: atbegshi 2019/12/05 v1.19 At begin shipout hook (HO)
)
\Hy@abspage=\count302
\c@Item=\count303
\c@Hfootnote=\count304
)
Package hyperref Info: Driver (autodetected): hpdftex.

(/usr/share/texlive/texmf-dist/tex/latex/hyperref/hpdftex.def
File: hpdftex.def 2020/01/14 v7.00d Hyperref driver for pdfTeX

(/usr/share/texlive/texmf-dist/tex/latex/atveryend/atveryend.sty
Package: atveryend 2019-12-11 v1.11 Hooks at the very end of document (HO)
)
\Fld@listcount=\count305
\c@bookmark@seq@number=\count306

(/usr/share/texlive/texmf-dist/tex/latex/rerunfilecheck/rerunfilecheck.sty
Package: rerunfilecheck 2019/12/05 v1.9 Rerun checks for auxiliary files (HO)

(/usr/share/texlive/texmf-dist/tex/generic/uniquecounter/uniquecounter.sty
Package: uniquecounter 2019/12/15 v1.4 Provide unlimited unique counter (HO)
)
Package uniquecounter Info: New unique counter `rerunfilecheck' on input line 2
86.
)
\Hy@SectionHShift=\skip53
)
(/usr/share/texlive/texmf-dist/tex/latex/multirow/multirow.sty
Package: multirow 2019/05/31 v2.5 Span multiple rows of a table
\multirow@colwidth=\skip54
\multirow@cntb=\count307
\multirow@dima=\skip55
\bigstrutjot=\dimen278
)
(/usr/share/texlive/texmf-dist/tex/latex/tools/multicol.sty
Package: multicol 2019/12/09 v1.8y multicolumn formatting (FMi)
\c@tracingmulticols=\count308
\mult@box=\box84
\multicol@leftmargin=\dimen279
\c@unbalance=\count309
\c@collectmore=\count310
\doublecol@number=\count311
\multicoltolerance=\count312
\multicolpretolerance=\count313
\full@width=\dimen280
\page@free=\dimen281
\premulticols=\dimen282
\postmulticols=\dimen283
\multicolsep=\skip56
\multicolbaselineskip=\skip57
\partial@page=\box85
\last@line=\box86
\maxbalancingoverflow=\dimen284
\mult@rightbox=\box87
\mult@grightbox=\box88
\mult@gfirstbox=\box89
\mult@firstbox=\box90
\@tempa=\box91
\@tempa=\box92
\@tempa=\box93
\@tempa=\box94
\@tempa=\box95
\@tempa=\box96
\@tempa=\box97
\@tempa=\box98
\@tempa=\box99
\@tempa=\box100
\@tempa=\box101
\@tempa=\box102
\@tempa=\box103
\@tempa=\box104
\@tempa=\box105
\@tempa=\box106
\@tempa=\box107
\@tempa=\box108
\@tempa=\box109
\@tempa=\box110
\@tempa=\box111
\@tempa=\box112
\@tempa=\box113
\@tempa=\box114
\@tempa=\box115
\@tempa=\box116
\@tempa=\box117
\@tempa=\box118
\@tempa=\box119
\@tempa=\box120
\@tempa=\box121
\@tempa=\box122
\@tempa=\box123
\@tempa=\box124
\@tempa=\box125
\@tempa=\box126
\@tempa=\box127
\c@minrows=\count314
\c@columnbadness=\count315
\c@finalcolumnbadness=\count316
\last@try=\dimen285
\multicolovershoot=\dimen286
\multicolundershoot=\dimen287
\mult@nat@firstbox=\box128
\colbreak@box=\box129
\mc@col@check@num=\count317
)
(/usr/share/texlive/texmf-dist/tex/latex/tools/longtable.sty
Package: longtable 2020/01/07 v4.13 Multi-page Table package (DPC)
\LTleft=\skip58
\LTright=\skip59
\LTpre=\skip60
\LTpost=\skip61
\LTchunksize=\count318
\LTcapwidth=\dimen288
\LT@head=\box130
\LT@firsthead=\box131
\LT@foot=\box132
\LT@lastfoot=\box133
\LT@cols=\count319
\LT@rows=\count320
\c@LT@tables=\count321
\c@LT@chunks=\count322
\LT@p@ftn=\toks36
)
(/usr/share/texlive/texmf-dist/tex/latex/amsmath/amsmath.sty
Package: amsmath 2020/01/20 v2.17e AMS math features
\@mathmargin=\skip62

For additional information on amsmath, use the `?' option.
(/usr/share/texlive/texmf-dist/tex/latex/amsmath/amstext.sty
Package: amstext 2000/06/29 v2.01 AMS text

(/usr/share/texlive/texmf-dist/tex/latex/amsmath/amsgen.sty
File: amsgen.sty 1999/11/30 v2.0 generic functions
\@emptytoks=\toks37
\ex@=\dimen289
))
(/usr/share/texlive/texmf-dist/tex/latex/amsmath/amsbsy.sty
Package: amsbsy 1999/11/29 v1.2d Bold Symbols
\pmbraise@=\dimen290
)
(/usr/share/texlive/texmf-dist/tex/latex/amsmath/amsopn.sty
Package: amsopn 2016/03/08 v2.02 operator names
)
\inf@bad=\count323
LaTeX Info: Redefining \frac on input line 227.
\uproot@=\count324
\leftroot@=\count325
LaTeX Info: Redefining \overline on input line 389.
\classnum@=\count326
\DOTSCASE@=\count327
LaTeX Info: Redefining \ldots on input line 486.
LaTeX Info: Redefining \dots on input line 489.
LaTeX Info: Redefining \cdots on input line 610.
\Mathstrutbox@=\box134
\strutbox@=\box135
\big@size=\dimen291
LaTeX Font Info:    Redeclaring font encoding OML on input line 733.
LaTeX Font Info:    Redeclaring font encoding OMS on input line 734.
\macc@depth=\count328
\c@MaxMatrixCols=\count329
\dotsspace@=\muskip17
\c@parentequation=\count330
\dspbrk@lvl=\count331
\tag@help=\toks38
\row@=\count332
\column@=\count333
\maxfields@=\count334
\andhelp@=\toks39
\eqnshift@=\dimen292
\alignsep@=\dimen293
\tagshift@=\dimen294
\tagwidth@=\dimen295
\totwidth@=\dimen296
\lineht@=\dimen297
\@envbody=\toks40
\multlinegap=\skip63
\multlinetaggap=\skip64
\mathdisplay@stack=\toks41
LaTeX Info: Redefining \[ on input line 2859.
LaTeX Info: Redefining \] on input line 2860.
)
(/usr/share/texlive/texmf-dist/tex/latex/tools/dcolumn.sty
Package: dcolumn 2014/10/28 v1.06 decimal alignment package (DPC)

(/usr/share/texlive/texmf-dist/tex/latex/tools/array.sty
Package: array 2019/08/31 v2.4l Tabular extension package (FMi)
\col@sep=\dimen298
\ar@mcellbox=\box136
\extrarowheight=\dimen299
\NC@list=\toks42
\extratabsurround=\skip65
\backup@length=\skip66
\ar@cellbox=\box137
))
(/usr/share/texlive/texmf-dist/tex/latex/booktabs/booktabs.sty
Package: booktabs 2020/01/12 v1.61803398 Publication quality tables
\heavyrulewidth=\dimen300
\lightrulewidth=\dimen301
\cmidrulewidth=\dimen302
\belowrulesep=\dimen303
\belowbottomsep=\dimen304
\aboverulesep=\dimen305
\abovetopsep=\dimen306
\cmidrulesep=\dimen307
\cmidrulekern=\dimen308
\defaultaddspace=\dimen309
\@cmidla=\count335
\@cmidlb=\count336
\@aboverulesep=\dimen310
\@belowrulesep=\dimen311
\@thisruleclass=\count337
\@lastruleclass=\count338
\@thisrulewidth=\dimen312
)
(/usr/share/texlive/texmf-dist/tex/latex/makecell/makecell.sty
Package: makecell 2009/08/03 V0.1e Managing of Tab Column Heads and Cells
\rotheadsize=\dimen313
\c@nlinenum=\count339
\TeXr@lab=\toks43
)
Package hyperref Info: Option `colorlinks' set `true' on input line 33.

(/usr/share/texlive/texmf-dist/tex/latex/tcolorbox/tcolorbox.sty
Package: tcolorbox 2019/11/15 version 4.22 text color boxes

(/usr/share/texlive/texmf-dist/tex/latex/tools/verbatim.sty
Package: verbatim 2019/11/10 v1.5r LaTeX2e package for verbatim enhancements
\every@verbatim=\toks44
\verbatim@line=\toks45
\verbatim@in@stream=\read4
)
(/usr/share/texlive/texmf-dist/tex/latex/environ/environ.sty
Package: environ 2014/05/04 v0.3 A new way to define environments

(/usr/share/texlive/texmf-dist/tex/latex/trimspaces/trimspaces.sty
Package: trimspaces 2009/09/17 v1.1 Trim spaces around a token list
))
\tcb@titlebox=\box138
\tcb@upperbox=\box139
\tcb@lowerbox=\box140
\tcb@phantombox=\box141
\c@tcbbreakpart=\count340
\c@tcblayer=\count341
\tcolorbox@number=\count342
\tcb@temp=\box142
\tcb@temp=\box143
\tcb@temp=\box144
\tcb@temp=\box145
\tcb@out=\write4
\tcb@record@out=\write5

(/usr/share/texlive/texmf-dist/tex/latex/tcolorbox/tcbraster.code.tex
Library (tcolorbox): 'tcbraster.code.tex' version '4.22'
\c@tcbrastercolumn=\count343
\c@tcbrasterrow=\count344
\c@tcbraster=\count345
) (/usr/share/texlive/texmf-dist/tex/latex/tcolorbox/tcbskins.code.tex
Library (tcolorbox): 'tcbskins.code.tex' version '4.22'
\tcb@waterbox=\box146
(/usr/share/texlive/texmf-dist/tex/latex/tcolorbox/tcbskinsjigsaw.code.tex
Library (tcolorbox): 'tcbskinsjigsaw.code.tex' version '4.22'
)) (/usr/share/texlive/texmf-dist/tex/latex/tcolorbox/tcbbreakable.code.tex
Library (tcolorbox): 'tcbbreakable.code.tex' version '4.22'
\tcb@testbox=\box147
\tcb@totalupperbox=\box148
\tcb@totallowerbox=\box149
) (/usr/share/texlive/texmf-dist/tex/latex/tcolorbox/tcbhooks.code.tex
Library (tcolorbox): 'tcbhooks.code.tex' version '4.22'
) (/usr/share/texlive/texmf-dist/tex/latex/tcolorbox/tcbtheorems.code.tex
Library (tcolorbox): 'tcbtheorems.code.tex' version '4.22'
) (/usr/share/texlive/texmf-dist/tex/latex/tcolorbox/tcbfitting.code.tex
Library (tcolorbox): 'tcbfitting.code.tex' version '4.22'
\tcbfitdim=\dimen314
\tcb@lowerfitdim=\dimen315
\tcb@upperfitdim=\dimen316
\tcb@cur@hbadness=\count346
) (/usr/share/texlive/texmf-dist/tex/latex/tcolorbox/tcbxparse.code.tex
Library (tcolorbox): 'tcbxparse.code.tex' version '4.22'
) (/usr/share/texlive/texmf-dist/tex/latex/tcolorbox/tcblistingsutf8.code.tex
Library (tcolorbox): 'tcblistingsutf8.code.tex' version '4.22'
(/usr/share/texlive/texmf-dist/tex/latex/tcolorbox/tcblistings.code.tex
Library (tcolorbox): 'tcblistings.code.tex' version '4.22'
(/usr/share/texlive/texmf-dist/tex/latex/tcolorbox/tcblistingscore.code.tex
Library (tcolorbox): 'tcblistingscore.code.tex' version '4.22'
(/usr/share/texlive/texmf-dist/tex/latex/tcolorbox/tcbprocessing.code.tex
Library (tcolorbox): 'tcbprocessing.code.tex' version '4.22'
(/usr/share/texlive/texmf-dist/tex/latex/tools/shellesc.sty
Package: shellesc 2019/11/08 v1.0c unified shell escape interface for LaTeX
Package shellesc Info: Restricted shell escape enabled on input line 77.
))
\c@tcblisting=\count347
)))
(/usr/share/texlive/texmf-dist/tex/latex/tcolorbox/tcbexternal.code.tex
Library (tcolorbox): 'tcbexternal.code.tex' version '4.22'
) (/usr/share/texlive/texmf-dist/tex/latex/tcolorbox/tcbmagazine.code.tex
Library (tcolorbox): 'tcbmagazine.code.tex' version '4.22'
) (/usr/share/texlive/texmf-dist/tex/latex/tcolorbox/tcbvignette.code.tex
Library (tcolorbox): 'tcbvignette.code.tex' version '4.22'
) (/usr/share/texlive/texmf-dist/tex/latex/tcolorbox/tcbposter.code.tex
Library (tcolorbox): 'tcbposter.code.tex' version '4.22'
)) (./tutoriais.aux

LaTeX Warning: Label `fig_tut3_26' multiply defined.


LaTeX Warning: Label `tut402' multiply defined.

)
\openout1 = `tutoriais.aux'.

LaTeX Font Info:    Checking defaults for OML/cmm/m/it on input line 63.
LaTeX Font Info:    ... okay on input line 63.
LaTeX Font Info:    Checking defaults for OMS/cmsy/m/n on input line 63.
LaTeX Font Info:    ... okay on input line 63.
LaTeX Font Info:    Checking defaults for OT1/cmr/m/n on input line 63.
LaTeX Font Info:    ... okay on input line 63.
LaTeX Font Info:    Checking defaults for T1/cmr/m/n on input line 63.
LaTeX Font Info:    ... okay on input line 63.
LaTeX Font Info:    Checking defaults for TS1/cmr/m/n on input line 63.
LaTeX Font Info:    ... okay on input line 63.
LaTeX Font Info:    Checking defaults for OMX/cmex/m/n on input line 63.
LaTeX Font Info:    ... okay on input line 63.
LaTeX Font Info:    Checking defaults for U/cmr/m/n on input line 63.
LaTeX Font Info:    ... okay on input line 63.
LaTeX Font Info:    Checking defaults for PD1/pdf/m/n on input line 63.
LaTeX Font Info:    ... okay on input line 63.
LaTeX Font Info:    Trying to load font information for T1+lmr on input line 63
.
 (/usr/share/texmf/tex/latex/lm/t1lmr.fd
File: t1lmr.fd 2009/10/30 v1.6 Font defs for Latin Modern
)
\c@lstlisting=\count348

ABD: EveryShipout initializing macros
(/usr/share/texlive/texmf-dist/tex/context/base/mkii/supp-pdf.mkii
[Loading MPS to PDF converter (version 2006.09.02).]
\scratchcounter=\count349
\scratchdimen=\dimen317
\scratchbox=\box150
\nofMPsegments=\count350
\nofMParguments=\count351
\everyMPshowfont=\toks46
\MPscratchCnt=\count352
\MPscratchDim=\dimen318
\MPnumerator=\count353
\makeMPintoPDFobject=\count354
\everyMPtoPDFconversion=\toks47
) (/usr/share/texlive/texmf-dist/tex/latex/epstopdf-pkg/epstopdf-base.sty
Package: epstopdf-base 2020-01-24 v2.11 Base part for package epstopdf
Package epstopdf-base Info: Redefining graphics rule for `.eps' on input line 4
85.

(/usr/share/texlive/texmf-dist/tex/latex/latexconfig/epstopdf-sys.cfg
File: epstopdf-sys.cfg 2010/07/13 v1.3 Configuration of (r)epstopdf for TeX Liv
e
))
LaTeX Info: Redefining \microtypecontext on input line 63.
Package microtype Info: Generating PDF output.
Package microtype Info: Character protrusion enabled (level 2).
Package microtype Info: Using default protrusion set `alltext'.
Package microtype Info: Automatic font expansion enabled (level 2),
(microtype)             stretch: 20, shrink: 20, step: 1, non-selected.
Package microtype Info: Using default expansion set `basictext'.
LaTeX Info: Redefining \showhyphens on input line 63.
Package microtype Info: No adjustment of tracking.
Package microtype Info: No adjustment of interword spacing.
Package microtype Info: No adjustment of character kerning.

(/usr/share/texlive/texmf-dist/tex/latex/microtype/mt-cmr.cfg
File: mt-cmr.cfg 2013/05/19 v2.2 microtype config. file: Computer Modern Roman 
(RS)
)
\AtBeginShipoutBox=\box151
Package hyperref Info: Link coloring ON on input line 63.

(/usr/share/texlive/texmf-dist/tex/latex/hyperref/nameref.sty
Package: nameref 2019/09/16 v2.46 Cross-referencing by name of section

(/usr/share/texlive/texmf-dist/tex/latex/refcount/refcount.sty
Package: refcount 2019/12/15 v3.6 Data extraction from label references (HO)
)
(/usr/share/texlive/texmf-dist/tex/generic/gettitlestring/gettitlestring.sty
Package: gettitlestring 2019/12/15 v1.6 Cleanup title references (HO)
)
\c@section@level=\count355
)
LaTeX Info: Redefining \ref on input line 63.
LaTeX Info: Redefining \pageref on input line 63.
LaTeX Info: Redefining \nameref on input line 63.

(./tutoriais.out) (./tutoriais.out)
\@outlinefile=\write6
\openout6 = `tutoriais.out'.

LaTeX Font Info:    Trying to load font information for T1+lmtt on input line 6
5.
 (/usr/share/texmf/tex/latex/lm/t1lmtt.fd
File: t1lmtt.fd 2009/10/30 v1.6 Font defs for Latin Modern
)
Package microtype Info: Loading generic protrusion settings for font family
(microtype)             `lmtt' (encoding: T1).
(microtype)             For optimal results, create family-specific settings.
(microtype)             See the microtype manual for details.
LaTeX Font Info:    Trying to load font information for OT1+lmr on input line 6
5.

(/usr/share/texmf/tex/latex/lm/ot1lmr.fd
File: ot1lmr.fd 2009/10/30 v1.6 Font defs for Latin Modern
)
LaTeX Font Info:    Trying to load font information for OML+lmm on input line 6
5.

(/usr/share/texmf/tex/latex/lm/omllmm.fd
File: omllmm.fd 2009/10/30 v1.6 Font defs for Latin Modern
)
LaTeX Font Info:    Trying to load font information for OMS+lmsy on input line 
65.

(/usr/share/texmf/tex/latex/lm/omslmsy.fd
File: omslmsy.fd 2009/10/30 v1.6 Font defs for Latin Modern
)
LaTeX Font Info:    Trying to load font information for OMX+lmex on input line 
65.

(/usr/share/texmf/tex/latex/lm/omxlmex.fd
File: omxlmex.fd 2009/10/30 v1.6 Font defs for Latin Modern
)
LaTeX Font Info:    External font `lmex10' loaded for size
(Font)              <10.95> on input line 65.
LaTeX Font Info:    External font `lmex10' loaded for size
(Font)              <8> on input line 65.
LaTeX Font Info:    External font `lmex10' loaded for size
(Font)              <6> on input line 65.
<images/logo_primordia.pdf, id=149, 397.42809pt x 289.02309pt>
File: images/logo_primordia.pdf Graphic file (type pdf)
<use images/logo_primordia.pdf>
Package pdftex.def Info: images/logo_primordia.pdf  used on input line 71.
(pdftex.def)             Requested size: 505.89pt x 367.9152pt.

Overfull \hbox (53.89pt too wide) in paragraph at lines 71--72
 [] 
 []

[1

{/var/lib/texmf/fonts/map/pdftex/updmap/pdftex.map} <./images/logo_primordia.pd
f>] (./tutoriais.toc)
\tf@toc=\write7
\openout7 = `tutoriais.toc'.

 [2]
\openout4 = `tutoriais.listing'.


(/usr/share/texlive/texmf-dist/tex/latex/listings/lstlang1.sty
File: lstlang1.sty 2019/09/10 1.8c listings language file
)
(/usr/share/texlive/texmf-dist/tex/latex/listings/lstlang2.sty
File: lstlang2.sty 2019/09/10 1.8c listings language file
)
(/usr/share/texlive/texmf-dist/tex/latex/listings/lstlang3.sty
File: lstlang3.sty 2019/09/10 1.8c listings language file
)
(/usr/share/texlive/texmf-dist/tex/latex/listings/lstlang1.sty
File: lstlang1.sty 2019/09/10 1.8c listings language file
)
(/usr/share/texlive/texmf-dist/tex/latex/listings/lstlang2.sty
File: lstlang2.sty 2019/09/10 1.8c listings language file
)
(/usr/share/texlive/texmf-dist/tex/latex/listings/lstlang3.sty
File: lstlang3.sty 2019/09/10 1.8c listings language file
)
(/usr/share/texlive/texmf-dist/tex/latex/listings/lstlang1.sty
File: lstlang1.sty 2019/09/10 1.8c listings language file
)
(/usr/share/texlive/texmf-dist/tex/latex/listings/lstlang2.sty
File: lstlang2.sty 2019/09/10 1.8c listings language file
)
(/usr/share/texlive/texmf-dist/tex/latex/listings/lstlang3.sty
File: lstlang3.sty 2019/09/10 1.8c listings language file
)
(/usr/share/texlive/texmf-dist/tex/latex/listings/lstmisc.sty
File: lstmisc.sty 2019/09/10 1.8c (Carsten Heinz)
)
(/usr/share/texlive/texmf-dist/tex/latex/listings/lstlang1.sty
File: lstlang1.sty 2019/09/10 1.8c listings language file
)
(/usr/share/texlive/texmf-dist/tex/latex/base/latin1.def
File: latin1.def 2018/08/11 v1.3c Input encoding file
)
(/usr/share/texlive/texmf-dist/tex/generic/stringenc/se-utf8.def
File: se-utf8.def 2019/11/29 v1.12 stringenc: UTF-8
)
(/usr/share/texlive/texmf-dist/tex/generic/stringenc/se-iso-8859-1.def
File: se-iso-8859-1.def 2019/11/29 v1.12 stringenc: ISO-8859-1
)
LaTeX Font Info:    Font shape `T1/lmtt/bx/n' in size <10> not available
(Font)              Font shape `T1/lmtt/b/n' tried instead on input line 1.

Overfull \hbox (2.43333pt too wide) in paragraph at lines 92--96
[]|  $[]$ 
 []

\openout4 = `tutoriais.listing'.

(/usr/share/texlive/texmf-dist/tex/latex/base/latin1.def
File: latin1.def 2018/08/11 v1.3c Input encoding file
)
Overfull \hbox (2.43333pt too wide) in paragraph at lines 99--103
[]|  $[]$ 
 []


Overfull \hbox (20.62418pt too wide) in paragraph at lines 109--110
[]\T1/lmr/m/n/10.95 (-20) Link para úl-tima ver-são: [][]$\T1/lmtt/m/n/10.95 ht
tps : / / github . com / igorChem / PRIMoRDiA1 .
 []

[3] [4] [5] [6]
<images/img0.png, id=241, 642.4pt x 481.8pt>
File: images/img0.png Graphic file (type png)
<use images/img0.png>
Package pdftex.def Info: images/img0.png  used on input line 166.
(pdftex.def)             Requested size: 216.81pt x 162.60416pt.

Overfull \hbox (2.43333pt too wide) in paragraph at lines 162--172
[]|  $[]$ 
 []

\openout4 = `tutoriais.listing'.

(/usr/share/texlive/texmf-dist/tex/latex/base/latin1.def
File: latin1.def 2018/08/11 v1.3c Input encoding file
)
Overfull \hbox (2.43333pt too wide) in paragraph at lines 175--179
[]|  $[]$ 
 []

[7 <./images/img0.png>]
LaTeX Font Info:    Trying to load font information for TS1+lmr on input line 1
95.
 (/usr/share/texmf/tex/latex/lm/ts1lmr.fd
File: ts1lmr.fd 2009/10/30 v1.6 Font defs for Latin Modern
) [8]
\openout4 = `tutoriais.listing'.


(/usr/share/texlive/texmf-dist/tex/latex/base/latin1.def
File: latin1.def 2018/08/11 v1.3c Input encoding file
)
Overfull \hbox (2.43333pt too wide) in paragraph at lines 222--226
[]|  $[]$ 
 []

<images/img3.png, id=267, 1865.97125pt x 145.54375pt>
File: images/img3.png Graphic file (type png)
<use images/img3.png>
Package pdftex.def Info: images/img3.png  used on input line 241.
(pdftex.def)             Requested size: 505.89pt x 39.45944pt.

Overfull \hbox (53.89pt too wide) in paragraph at lines 241--242
 [] 
 []

[9]
<images/img4.png, id=282, 1826.825pt x 132.495pt>
File: images/img4.png Graphic file (type png)
<use images/img4.png>
Package pdftex.def Info: images/img4.png  used on input line 253.
(pdftex.def)             Requested size: 505.89pt x 36.68996pt.

Overfull \hbox (53.89pt too wide) in paragraph at lines 253--254
 [] 
 []

[10 <./images/img3.png> <./images/img4.png>]
<images/img5.png, id=288, 1413.28pt x 718.685pt>
File: images/img5.png Graphic file (type png)
<use images/img5.png>
Package pdftex.def Info: images/img5.png  used on input line 281.
(pdftex.def)             Requested size: 433.62pt x 220.50906pt.

Overfull \hbox (2.43333pt too wide) in paragraph at lines 277--287
[]|  $[]$ 
 []

[11 <./images/img5.png>]
<images/img6.png, id=297, 75.30496pt x 45.52441pt>
File: images/img6.png Graphic file (type png)
<use images/img6.png>
Package pdftex.def Info: images/img6.png  used on input line 298.
(pdftex.def)             Requested size: 325.215pt x 196.66457pt.

Overfull \hbox (2.43333pt too wide) in paragraph at lines 294--304
[]|  $[]$ 
 []

[12 <./images/img6.png>]
<images/img7.png, id=304, 75.30496pt x 59.18173pt>
File: images/img7.png Graphic file (type png)
<use images/img7.png>
Package pdftex.def Info: images/img7.png  used on input line 320.
(pdftex.def)             Requested size: 289.07999pt x 227.25703pt.

Overfull \hbox (2.43333pt too wide) in paragraph at lines 316--326
[]|  $[]$ 
 []

\openout4 = `tutoriais.listing'.

(/usr/share/texlive/texmf-dist/tex/latex/base/latin1.def
File: latin1.def 2018/08/11 v1.3c Input encoding file
)
Overfull \hbox (2.43333pt too wide) in paragraph at lines 329--333
[]|  $[]$ 
 []

<images/img8.png, id=307, 871.255pt x 725.71124pt>
File: images/img8.png Graphic file (type png)
<use images/img8.png>
Package pdftex.def Info: images/img8.png  used on input line 340.
(pdftex.def)             Requested size: 325.215pt x 270.87868pt.

Overfull \hbox (2.43333pt too wide) in paragraph at lines 336--346
[]|  $[]$ 
 []

[13 <./images/img7.png>]
\openout4 = `tutoriais.listing'.


(/usr/share/texlive/texmf-dist/tex/latex/base/latin1.def
File: latin1.def 2018/08/11 v1.3c Input encoding file
)
Overfull \hbox (2.43333pt too wide) in paragraph at lines 350--354
[]|  $[]$ 
 []

\openout4 = `tutoriais.listing'.

(/usr/share/texlive/texmf-dist/tex/latex/base/latin1.def
File: latin1.def 2018/08/11 v1.3c Input encoding file
)
Overfull \hbox (2.43333pt too wide) in paragraph at lines 358--362
[]|  $[]$ 
 []

<images/img9.png, id=318, 1003.75pt x 803.0pt>
File: images/img9.png Graphic file (type png)
<use images/img9.png>
Package pdftex.def Info: images/img9.png  used on input line 370.
(pdftex.def)             Requested size: 216.81pt x 173.43806pt.

Overfull \hbox (2.43333pt too wide) in paragraph at lines 366--376
[]|  $[]$ 
 []

[14 <./images/img8.png>]
<images/img10.png, id=332, 67.3382pt x 77.3915pt>
File: images/img10.png Graphic file (type png)
<use images/img10.png>
Package pdftex.def Info: images/img10.png  used on input line 385.
(pdftex.def)             Requested size: 289.07999pt x 332.36359pt.

Overfull \hbox (2.43333pt too wide) in paragraph at lines 381--391
[]|  $[]$ 
 []

[15 <./images/img9.png>]
<images/img11.png, id=340, 75.30496pt x 106.50815pt>
File: images/img11.png Graphic file (type png)
<use images/img11.png>
Package pdftex.def Info: images/img11.png  used on input line 396.
(pdftex.def)             Requested size: 289.07999pt x 408.98984pt.

Overfull \hbox (2.43333pt too wide) in paragraph at lines 392--402
[]|  $[]$ 
 []

[16 <./images/img10.png>] [17 <./images/img11.png>]
Overfull \hbox (2.43333pt too wide) in paragraph at lines 425--433
[]|  $[]$ 
 []

[18]
\openout4 = `tutoriais.listing'.

 (/usr/share/texlive/texmf-dist/tex/latex/base/latin1.def
File: latin1.def 2018/08/11 v1.3c Input encoding file
)
Overfull \hbox (2.43333pt too wide) in paragraph at lines 443--447
[]|  $[]$ 
 []

[19]
<images/tut2_img2.png, id=367, 1738.495pt x 212.795pt>
File: images/tut2_img2.png Graphic file (type png)
<use images/tut2_img2.png>
Package pdftex.def Info: images/tut2_img2.png  used on input line 460.
(pdftex.def)             Requested size: 505.89pt x 61.92001pt.

Overfull \hbox (53.89pt too wide) in paragraph at lines 460--461
 [] 
 []


Overfull \hbox (2.43333pt too wide) in paragraph at lines 456--466
[]|  $[]$ 
 []

<images/tut2_img3.png, id=370, 1897.0875pt x 392.46625pt>
File: images/tut2_img3.png Graphic file (type png)
<use images/tut2_img3.png>
Package pdftex.def Info: images/tut2_img3.png  used on input line 473.
(pdftex.def)             Requested size: 505.89pt x 104.6558pt.

Overfull \hbox (53.89pt too wide) in paragraph at lines 473--474
 [] 
 []


Overfull \hbox (2.43333pt too wide) in paragraph at lines 469--479
[]|  $[]$ 
 []

<images/tut2_img4.png, id=371, 1867.97874pt x 482.80376pt>
File: images/tut2_img4.png Graphic file (type png)
<use images/tut2_img4.png>
Package pdftex.def Info: images/tut2_img4.png  used on input line 484.
(pdftex.def)             Requested size: 505.89pt x 130.7492pt.

Overfull \hbox (53.89pt too wide) in paragraph at lines 484--485
 [] 
 []

[20 <./images/tut2_img2.png> <./images/tut2_img3.png> <./images/tut2_img4.png>]
<images/tut2_img5.png, id=380, 1009.7725pt x 587.19376pt>
File: images/tut2_img5.png Graphic file (type png)
<use images/tut2_img5.png>
Package pdftex.def Info: images/tut2_img5.png  used on input line 503.
(pdftex.def)             Requested size: 325.215pt x 189.11542pt.

Overfull \hbox (2.43333pt too wide) in paragraph at lines 499--509
[]|  $[]$ 
 []

[21]
\openout4 = `tutoriais.listing'.

 (/usr/share/texlive/texmf-dist/tex/latex/base/latin1.def
File: latin1.def 2018/08/11 v1.3c Input encoding file
)
Overfull \hbox (2.43333pt too wide) in paragraph at lines 512--516
[]|  $[]$ 
 []


LaTeX Warning: Reference `tut2_img6' on page 22 undefined on input line 517.

<images/tut2_img7.png, id=386, 1074.0125pt x 844.15375pt>
File: images/tut2_img7.png Graphic file (type png)
<use images/tut2_img7.png>
Package pdftex.def Info: images/tut2_img7.png  used on input line 523.
(pdftex.def)             Requested size: 289.07999pt x 227.20323pt.

Overfull \hbox (2.43333pt too wide) in paragraph at lines 519--529
[]|  $[]$ 
 []

[22 <./images/tut2_img5.png> <./images/tut2_img7.png>]
\openout4 = `tutoriais.listing'.


(/usr/share/texlive/texmf-dist/tex/latex/base/latin1.def
File: latin1.def 2018/08/11 v1.3c Input encoding file
)
Overfull \hbox (2.43333pt too wide) in paragraph at lines 532--536
[]|  $[]$ 
 []


LaTeX Warning: Reference `tut2_img8' on page 23 undefined on input line 537.

\openout4 = `tutoriais.listing'.

(/usr/share/texlive/texmf-dist/tex/latex/base/latin1.def
File: latin1.def 2018/08/11 v1.3c Input encoding file
)
Overfull \hbox (2.43333pt too wide) in paragraph at lines 540--544
[]|  $[]$ 
 []

<images/tut2_img8.png, id=395, 1059.96pt x 837.1275pt>
File: images/tut2_img8.png Graphic file (type png)
<use images/tut2_img8.png>
Package pdftex.def Info: images/tut2_img8.png  used on input line 549.
(pdftex.def)             Requested size: 289.07999pt x 228.30113pt.

Overfull \hbox (2.43333pt too wide) in paragraph at lines 545--555
[]|  $[]$ 
 []

[23 <./images/tut2_img8.png>]

LaTeX Warning: Reference `fig_tut2_10' on page 24 undefined on input line 562.

<images/tut2_img9.png, id=407, 1061.9675pt x 845.1575pt>
File: images/tut2_img9.png Graphic file (type png)
<use images/tut2_img9.png>
Package pdftex.def Info: images/tut2_img9.png  used on input line 568.
(pdftex.def)             Requested size: 289.07999pt x 230.0655pt.

Overfull \hbox (2.43333pt too wide) in paragraph at lines 564--574
[]|  $[]$ 
 []

<images/tut2_img10.png, id=408, 1058.95625pt x 839.135pt>
File: images/tut2_img10.png Graphic file (type png)
<use images/tut2_img10.png>
Package pdftex.def Info: images/tut2_img10.png  used on input line 579.
(pdftex.def)             Requested size: 289.07999pt x 229.06628pt.

Overfull \hbox (2.43333pt too wide) in paragraph at lines 575--585
[]|  $[]$ 
 []

[24 <./images/tut2_img9.png>]
<images/tut2_img12.png, id=415, 694.595pt x 635.37375pt>
File: images/tut2_img12.png Graphic file (type png)
<use images/tut2_img12.png>
Package pdftex.def Info: images/tut2_img12.png  used on input line 591.
(pdftex.def)             Requested size: 238.49121pt x 218.15712pt.

Overfull \hbox (2.43333pt too wide) in paragraph at lines 587--597
[]|  $[]$ 
 []

[25 <./images/tut2_img10.png> <./images/tut2_img12.png>]
<images/tut3_img1.png, id=423, 652.4375pt x 481.8pt>
File: images/tut3_img1.png Graphic file (type png)
<use images/tut3_img1.png>
Package pdftex.def Info: images/tut3_img1.png  used on input line 628.
(pdftex.def)             Requested size: 289.07999pt x 213.47768pt.

Overfull \hbox (2.43333pt too wide) in paragraph at lines 624--634
[]|  $[]$ 
 []

[26]
\openout4 = `tutoriais.listing'.

 (/usr/share/texlive/texmf-dist/tex/latex/base/latin1.def
File: latin1.def 2018/08/11 v1.3c Input encoding file
)

LaTeX Warning: Reference `tut303' on page 27 undefined on input line 644.


Overfull \hbox (12.50279pt too wide) in paragraph at lines 652--653
[][][][][][][][][][][][][][][][][][][][][][][][][][][][][][][][][] 
 []


Overfull \hbox (2.43333pt too wide) in paragraph at lines 646--655
[]|  $[]$ 
 []

[27 <./images/tut3_img1.png>] [28]
<images/tut3_img3.png, id=449, 974.64125pt x 592.2125pt>
File: images/tut3_img3.png Graphic file (type png)
<use images/tut3_img3.png>
Package pdftex.def Info: images/tut3_img3.png  used on input line 689.
(pdftex.def)             Requested size: 289.07999pt x 175.65pt.

Overfull \hbox (2.43333pt too wide) in paragraph at lines 685--695
[]|  $[]$ 
 []


Overfull \hbox (40.09705pt too wide) in paragraph at lines 703--704
[][][][][][][][][][][][][][][][][][][][][][][][][][][][][][][][] 
 []


Overfull \hbox (12.50279pt too wide) in paragraph at lines 704--705
[][][][][][][][][][][][][][][][][][][][][][][][][][][][][][][][][] 
 []


Overfull \hbox (2.43333pt too wide) in paragraph at lines 698--707
[]|  $[]$ 
 []

\openout4 = `tutoriais.listing'.

(/usr/share/texlive/texmf-dist/tex/latex/base/latin1.def
File: latin1.def 2018/08/11 v1.3c Input encoding file
)
Overfull \hbox (2.43333pt too wide) in paragraph at lines 710--714
[]|  $[]$ 
 []

[29 <./images/tut3_img3.png>]
<images/tut3_img5.png, id=465, 978.65625pt x 708.6475pt>
File: images/tut3_img5.png Graphic file (type png)
<use images/tut3_img5.png>
Package pdftex.def Info: images/tut3_img5.png  used on input line 734.
(pdftex.def)             Requested size: 289.07999pt x 209.31953pt.

Overfull \hbox (2.43333pt too wide) in paragraph at lines 730--740
[]|  $[]$ 
 []

[30]
\openout4 = `tutoriais.listing'.

 (/usr/share/texlive/texmf-dist/tex/latex/base/latin1.def
File: latin1.def 2018/08/11 v1.3c Input encoding file
)
Overfull \hbox (2.43333pt too wide) in paragraph at lines 743--747
[]|  $[]$ 
 []

<images/tut3_img7.png, id=472, 872.25874pt x 777.90625pt>
File: images/tut3_img7.png Graphic file (type png)
<use images/tut3_img7.png>
Package pdftex.def Info: images/tut3_img7.png  used on input line 754.
(pdftex.def)             Requested size: 238.49121pt x 212.68448pt.

Overfull \hbox (2.43333pt too wide) in paragraph at lines 750--760
[]|  $[]$ 
 []

[31 <./images/tut3_img5.png>]
<images/tut3_img8.png, id=481, 1164.35pt x 931.48pt>
File: images/tut3_img8.png Graphic file (type png)
<use images/tut3_img8.png>
Package pdftex.def Info: images/tut3_img8.png  used on input line 768.
(pdftex.def)             Requested size: 252.94499pt x 202.35364pt.

Overfull \hbox (2.43333pt too wide) in paragraph at lines 764--774
[]|  $[]$ 
 []

\openout4 = `tutoriais.listing'.

(/usr/share/texlive/texmf-dist/tex/latex/base/latin1.def
File: latin1.def 2018/08/11 v1.3c Input encoding file
)
Overfull \hbox (2.43333pt too wide) in paragraph at lines 777--781
[]|  $[]$ 
 []

[32 <./images/tut3_img7.png> <./images/tut3_img8.png>]
<images/tut3_img9.png, id=489, 532.99126pt x 524.96124pt>
File: images/tut3_img9.png Graphic file (type png)
<use images/tut3_img9.png>
Package pdftex.def Info: images/tut3_img9.png  used on input line 786.
(pdftex.def)             Requested size: 252.94499pt x 249.13489pt.

Overfull \hbox (2.43333pt too wide) in paragraph at lines 782--792
[]|  $[]$ 
 []

<images/tut3_img11.png, id=491, 952.55875pt x 707.64375pt>
File: images/tut3_img11.png Graphic file (type png)
<use images/tut3_img11.png>
Package pdftex.def Info: images/tut3_img11.png  used on input line 800.
(pdftex.def)             Requested size: 252.94499pt x 187.90262pt.

Overfull \hbox (2.43333pt too wide) in paragraph at lines 796--806
[]|  $[]$ 
 []

[33 <./images/tut3_img9.png>]
\openout4 = `tutoriais.listing'.


(/usr/share/texlive/texmf-dist/tex/latex/base/latin1.def
File: latin1.def 2018/08/11 v1.3c Input encoding file
)
Overfull \hbox (2.43333pt too wide) in paragraph at lines 809--813
[]|  $[]$ 
 []

\openout4 = `tutoriais.listing'.

(/usr/share/texlive/texmf-dist/tex/latex/base/latin1.def
File: latin1.def 2018/08/11 v1.3c Input encoding file
)
Overfull \hbox (2.43333pt too wide) in paragraph at lines 814--818
[]|  $[]$ 
 []

\openout4 = `tutoriais.listing'.

(/usr/share/texlive/texmf-dist/tex/latex/base/latin1.def
File: latin1.def 2018/08/11 v1.3c Input encoding file
)
Overfull \hbox (2.43333pt too wide) in paragraph at lines 819--823
[]|  $[]$ 
 []

\openout4 = `tutoriais.listing'.

(/usr/share/texlive/texmf-dist/tex/latex/base/latin1.def
File: latin1.def 2018/08/11 v1.3c Input encoding file
)
Overfull \hbox (2.43333pt too wide) in paragraph at lines 824--828
[]|  $[]$ 
 []

\openout4 = `tutoriais.listing'.

(/usr/share/texlive/texmf-dist/tex/latex/base/latin1.def
File: latin1.def 2018/08/11 v1.3c Input encoding file
)
Overfull \hbox (2.43333pt too wide) in paragraph at lines 829--833
[]|  $[]$ 
 []


LaTeX Warning: Reference `fig_tut3_12' on page 34 undefined on input line 834.

<images/tut3_img13.png, id=500, 767.86874pt x 638.385pt>
File: images/tut3_img13.png Graphic file (type png)
<use images/tut3_img13.png>
Package pdftex.def Info: images/tut3_img13.png  used on input line 840.
(pdftex.def)             Requested size: 252.94499pt x 210.2878pt.

Overfull \hbox (2.43333pt too wide) in paragraph at lines 836--846
[]|  $[]$ 
 []

[34 <./images/tut3_img11.png>]
<images/tut3_img15.png, id=518, 1182.4175pt x 876.27374pt>
File: images/tut3_img15.png Graphic file (type png)
<use images/tut3_img15.png>
Package pdftex.def Info: images/tut3_img15.png  used on input line 858.
(pdftex.def)             Requested size: 289.07999pt x 214.22765pt.

Overfull \hbox (2.43333pt too wide) in paragraph at lines 854--864
[]|  $[]$ 
 []

[35 <./images/tut3_img13.png>]
<images/tut3_img17.png, id=527, 867.24pt x 542.025pt>
File: images/tut3_img17.png Graphic file (type png)
<use images/tut3_img17.png>
Package pdftex.def Info: images/tut3_img17.png  used on input line 874.
(pdftex.def)             Requested size: 289.07999pt x 180.67178pt.

Overfull \hbox (2.43333pt too wide) in paragraph at lines 870--880
[]|  $[]$ 
 []

[36 <./images/tut3_img15.png> <./images/tut3_img17.png>]
<images/tut3_img19.png, id=534, 512.91624pt x 533.995pt>
File: images/tut3_img19.png Graphic file (type png)
<use images/tut3_img19.png>
Package pdftex.def Info: images/tut3_img19.png  used on input line 888.
(pdftex.def)             Requested size: 289.07999pt x 300.95811pt.

Overfull \hbox (2.43333pt too wide) in paragraph at lines 884--894
[]|  $[]$ 
 []

<images/tut3_img24.png, id=535, 866.23625pt x 779.91376pt>
File: images/tut3_img24.png Graphic file (type png)
<use images/tut3_img24.png>
Package pdftex.def Info: images/tut3_img24.png  used on input line 900.
(pdftex.def)             Requested size: 289.07999pt x 260.27606pt.

Overfull \hbox (2.43333pt too wide) in paragraph at lines 896--906
[]|  $[]$ 
 []

[37 <./images/tut3_img19.png>]
<images/tut3_img25.png, id=542, 1086.0575pt x 733.74126pt>
File: images/tut3_img25.png Graphic file (type png)
<use images/tut3_img25.png>
Package pdftex.def Info: images/tut3_img25.png  used on input line 911.
(pdftex.def)             Requested size: 289.07999pt x 195.3026pt.

Overfull \hbox (2.43333pt too wide) in paragraph at lines 907--917
[]|  $[]$ 
 []

<images/tut3_img26.png, id=543, 632.3625pt x 578.16pt>
File: images/tut3_img26.png Graphic file (type png)
<use images/tut3_img26.png>
Package pdftex.def Info: images/tut3_img26.png  used on input line 922.
(pdftex.def)             Requested size: 289.07999pt x 264.30711pt.

Overfull \hbox (2.43333pt too wide) in paragraph at lines 918--928
[]|  $[]$ 
 []

[38 <./images/tut3_img24.png> <./images/tut3_img25.png>]
<images/tut3_img27.png, id=551, 573.14125pt x 611.28375pt>
File: images/tut3_img27.png Graphic file (type png)
<use images/tut3_img27.png>
Package pdftex.def Info: images/tut3_img27.png  used on input line 933.
(pdftex.def)             Requested size: 252.94499pt x 269.77716pt.

Overfull \hbox (2.43333pt too wide) in paragraph at lines 929--939
[]|  $[]$ 
 []

<images/tut3_img28.png, id=552, 647.41875pt x 595.22375pt>
File: images/tut3_img28.png Graphic file (type png)
<use images/tut3_img28.png>
Package pdftex.def Info: images/tut3_img28.png  used on input line 945.
(pdftex.def)             Requested size: 252.94499pt x 232.55412pt.

Overfull \hbox (2.43333pt too wide) in paragraph at lines 941--951
[]|  $[]$ 
 []

[39 <./images/tut3_img26.png> <./images/tut3_img27.png>]
<images/tut3_img29.png, id=560, 1884.03876pt x 582.175pt>
File: images/tut3_img29.png Graphic file (type png)
<use images/tut3_img29.png>
Package pdftex.def Info: images/tut3_img29.png  used on input line 960.
(pdftex.def)             Requested size: 433.62pt x 133.98627pt.

Overfull \hbox (2.43333pt too wide) in paragraph at lines 956--966
[]|  $[]$ 
 []

[40 <./images/tut3_img28.png> <./images/tut3_img29.png>]
<images/tut3_img30.png, id=568, 1884.03876pt x 706.64pt>
File: images/tut3_img30.png Graphic file (type png)
<use images/tut3_img30.png>
Package pdftex.def Info: images/tut3_img30.png  used on input line 973.
(pdftex.def)             Requested size: 361.34999pt x 135.52454pt.

Overfull \hbox (2.43333pt too wide) in paragraph at lines 969--979
[]|  $[]$ 
 []

\openout4 = `tutoriais.listing'.

(/usr/share/texlive/texmf-dist/tex/latex/base/latin1.def
File: latin1.def 2018/08/11 v1.3c Input encoding file
)
Overfull \hbox (2.43333pt too wide) in paragraph at lines 986--990
[]|  $[]$ 
 []

<images/tut3_img31.png, id=569, 361.35pt x 252.945pt>
File: images/tut3_img31.png Graphic file (type png)
<use images/tut3_img31.png>
Package pdftex.def Info: images/tut3_img31.png  used on input line 997.
(pdftex.def)             Requested size: 245.71754pt x 172.00418pt.

Overfull \hbox (2.43333pt too wide) in paragraph at lines 993--1003
[]|  $[]$ 
 []

[41 <./images/tut3_img30.png>]
\openout4 = `tutoriais.listing'.


(/usr/share/texlive/texmf-dist/tex/latex/base/latin1.def
File: latin1.def 2018/08/11 v1.3c Input encoding file
)
Overfull \hbox (2.43333pt too wide) in paragraph at lines 1006--1010
[]|  $[]$ 
 []

<images/tut3_img32.png, id=577, 361.35pt x 252.945pt>
File: images/tut3_img32.png Graphic file (type png)
<use images/tut3_img32.png>
Package pdftex.def Info: images/tut3_img32.png  used on input line 1016.
(pdftex.def)             Requested size: 245.71754pt x 172.00418pt.

Overfull \hbox (2.43333pt too wide) in paragraph at lines 1012--1022
[]|  $[]$ 
 []

[42 <./images/tut3_img31.png (PNG copy)> <./images/tut3_img32.png (PNG copy)>]
Overfull \hbox (2.43333pt too wide) in paragraph at lines 1040--1051
|  $[]$ 
 []

<images/tut4_img3.png, id=587, 1155.31625pt x 193.72375pt>
File: images/tut4_img3.png Graphic file (type png)
<use images/tut4_img3.png>
Package pdftex.def Info: images/tut4_img3.png  used on input line 1060.
(pdftex.def)             Requested size: 433.62pt x 72.7083pt.

Overfull \hbox (2.43333pt too wide) in paragraph at lines 1056--1066
|  $[]$ 
 []

[43]
<images/tut4_img4.png, id=600, 1295.84125pt x 137.51375pt>
File: images/tut4_img4.png Graphic file (type png)
<use images/tut4_img4.png>
Package pdftex.def Info: images/tut4_img4.png  used on input line 1071.
(pdftex.def)             Requested size: 433.62pt x 46.01546pt.

Overfull \hbox (2.43333pt too wide) in paragraph at lines 1067--1077
[]|  $[]$ 
 []

<images/tut4_img5.png, id=601, 1904.11375pt x 442.65375pt>
File: images/tut4_img5.png Graphic file (type png)
<use images/tut4_img5.png>
Package pdftex.def Info: images/tut4_img5.png  used on input line 1082.
(pdftex.def)             Requested size: 433.62pt x 100.80182pt.

Overfull \hbox (2.43333pt too wide) in paragraph at lines 1078--1088
[]|  $[]$ 
 []

<images/tut4_img6.png, id=602, 1768.6075pt x 400.49625pt>
File: images/tut4_img6.png Graphic file (type png)
<use images/tut4_img6.png>
Package pdftex.def Info: images/tut4_img6.png  used on input line 1093.
(pdftex.def)             Requested size: 433.62pt x 98.1866pt.

Overfull \hbox (2.43333pt too wide) in paragraph at lines 1089--1099
[]|  $[]$ 
 []

<images/tut4_img7.png, id=603, 1253.68375pt x 920.43875pt>
File: images/tut4_img7.png Graphic file (type png)
<use images/tut4_img7.png>
Package pdftex.def Info: images/tut4_img7.png  used on input line 1105.
(pdftex.def)             Requested size: 361.34999pt x 265.29121pt.

Overfull \hbox (2.43333pt too wide) in paragraph at lines 1101--1111
[]|  $[]$ 
 []

[44 <./images/tut4_img3.png> <./images/tut4_img4.png> <./images/tut4_img5.png> 
<./images/tut4_img6.png>]
<images/tut4_img8.png, id=616, 865.2325pt x 721.69624pt>
File: images/tut4_img8.png Graphic file (type png)
<use images/tut4_img8.png>
Package pdftex.def Info: images/tut4_img8.png  used on input line 1116.
(pdftex.def)             Requested size: 245.71754pt x 204.94775pt.

Overfull \hbox (2.43333pt too wide) in paragraph at lines 1112--1122
[]|  $[]$ 
 []

<images/tut4_img9.png, id=617, 865.2325pt x 725.71124pt>
File: images/tut4_img9.png Graphic file (type png)
<use images/tut4_img9.png>
Package pdftex.def Info: images/tut4_img9.png  used on input line 1127.
(pdftex.def)             Requested size: 289.07999pt x 242.4642pt.

Overfull \hbox (2.43333pt too wide) in paragraph at lines 1123--1133
[]|  $[]$ 
 []

[45 <./images/tut4_img7.png> <./images/tut4_img8.png>]
<images/tut4_img10.png, id=626, 1038.88126pt x 776.9025pt>
File: images/tut4_img10.png Graphic file (type png)
<use images/tut4_img10.png>
Package pdftex.def Info: images/tut4_img10.png  used on input line 1138.
(pdftex.def)             Requested size: 289.07999pt x 216.1798pt.

Overfull \hbox (2.43333pt too wide) in paragraph at lines 1134--1144
[]|  $[]$ 
 []

<images/tut4_img11.png, id=627, 3011.25pt x 2810.5pt>
File: images/tut4_img11.png Graphic file (type png)
<use images/tut4_img11.png>
Package pdftex.def Info: images/tut4_img11.png  used on input line 1149.
(pdftex.def)             Requested size: 252.94499pt x 236.08038pt.

Overfull \hbox (2.43333pt too wide) in paragraph at lines 1145--1155
[]|  $[]$ 
 []

[46 <./images/tut4_img9.png> <./images/tut4_img10.png>]
<images/tut4_img13.png, id=636, 1013.7875pt x 723.70375pt>
File: images/tut4_img13.png Graphic file (type png)
<use images/tut4_img13.png>
Package pdftex.def Info: images/tut4_img13.png  used on input line 1161.
(pdftex.def)             Requested size: 289.07999pt x 206.35709pt.

Overfull \hbox (2.43333pt too wide) in paragraph at lines 1157--1167
[]|  $[]$ 
 []

<images/tut4_img14.png, id=637, 1027.84pt x 683.55376pt>
File: images/tut4_img14.png Graphic file (type png)
<use images/tut4_img14.png>
Package pdftex.def Info: images/tut4_img14.png  used on input line 1172.
(pdftex.def)             Requested size: 289.07999pt x 192.24902pt.

Overfull \hbox (2.43333pt too wide) in paragraph at lines 1168--1178
[]|  $[]$ 
 []

[47 <./images/tut4_img11.png> <./images/tut4_img13.png>]
<images/tut4_img15.png, id=646, 22.59149pt x 19.12025pt>
File: images/tut4_img15.png Graphic file (type png)
<use images/tut4_img15.png>
Package pdftex.def Info: images/tut4_img15.png  used on input line 1183.
(pdftex.def)             Requested size: 361.34999pt x 306.21951pt.

Overfull \hbox (2.43333pt too wide) in paragraph at lines 1179--1189
[]|  $[]$ 
 []

<images/tut4_img16.png, id=647, 125.5632pt x 106.27011pt>
File: images/tut4_img16.png Graphic file (type png)
<use images/tut4_img16.png>
Package pdftex.def Info: images/tut4_img16.png  used on input line 1194.
(pdftex.def)             Requested size: 361.34999pt x 305.82738pt.

Overfull \hbox (2.43333pt too wide) in paragraph at lines 1190--1200
[]|  $[]$ 
 []

[48 <./images/tut4_img14.png> <./images/tut4_img15.png>]
<images/tut4_img17.png, id=655, 805.0075pt x 257.96375pt>
File: images/tut4_img17.png Graphic file (type png)
<use images/tut4_img17.png>
Package pdftex.def Info: images/tut4_img17.png  used on input line 1205.
(pdftex.def)             Requested size: 361.34999pt x 115.79132pt.

Overfull \hbox (2.43333pt too wide) in paragraph at lines 1201--1211
[]|  $[]$ 
 []

<images/tut4_img18.png, id=656, 690.58pt x 345.29pt>
File: images/tut4_img18.png Graphic file (type png)
<use images/tut4_img18.png>
Package pdftex.def Info: images/tut4_img18.png  used on input line 1216.
(pdftex.def)             Requested size: 289.07999pt x 144.54135pt.

Overfull \hbox (2.43333pt too wide) in paragraph at lines 1212--1222
[]|  $[]$ 
 []

[49 <./images/tut4_img16.png> <./images/tut4_img17.png>]
<images/T4_img1.png, id=665, 867.24pt x 713.66624pt>
File: images/T4_img1.png Graphic file (type png)
<use images/T4_img1.png>
Package pdftex.def Info: images/T4_img1.png  used on input line 1231.
(pdftex.def)             Requested size: 289.07999pt x 237.88452pt.

Overfull \hbox (2.43333pt too wide) in paragraph at lines 1227--1237
|  $[]$ 
 []

<images/T4_img2.png, id=666, 103.95761pt x 80.05292pt>
File: images/T4_img2.png Graphic file (type png)
<use images/T4_img2.png>
Package pdftex.def Info: images/T4_img2.png  used on input line 1242.
(pdftex.def)             Requested size: 433.62pt x 333.97359pt.

Overfull \hbox (2.43333pt too wide) in paragraph at lines 1238--1248
[]|  $[]$ 
 []

[50 <./images/tut4_img18.png> <./images/T4_img1.png>]
<images/T4_img3.png, id=675, 103.95761pt x 80.05292pt>
File: images/T4_img3.png Graphic file (type png)
<use images/T4_img3.png>
Package pdftex.def Info: images/T4_img3.png  used on input line 1253.
(pdftex.def)             Requested size: 433.62pt x 333.97359pt.

Overfull \hbox (2.43333pt too wide) in paragraph at lines 1249--1259
[]|  $[]$ 
 []

[51 <./images/T4_img2.png>]
<images/T4_img4.png, id=681, 103.95761pt x 71.15816pt>
File: images/T4_img4.png Graphic file (type png)
<use images/T4_img4.png>
Package pdftex.def Info: images/T4_img4.png  used on input line 1264.
(pdftex.def)             Requested size: 433.62pt x 296.86542pt.

Overfull \hbox (2.43333pt too wide) in paragraph at lines 1260--1270
[]|  $[]$ 
 []

[52 <./images/T4_img3.png>] [53 <./images/T4_img4.png>]
<images/tut6_img0.png, id=692, 746.79pt x 616.3025pt>
File: images/tut6_img0.png Graphic file (type png)
<use images/tut6_img0.png>
Package pdftex.def Info: images/tut6_img0.png  used on input line 1281.
(pdftex.def)             Requested size: 252.94499pt x 208.74074pt.

Overfull \hbox (2.43333pt too wide) in paragraph at lines 1277--1287
|  $[]$ 
 []


Overfull \hbox (2.43333pt too wide) in paragraph at lines 1291--1302
|  $[]$ 
 []

<images/tut6_img2.png, id=693, 469.755pt x 361.35pt>
File: images/tut6_img2.png Graphic file (type png)
<use images/tut6_img2.png>
Package pdftex.def Info: images/tut6_img2.png  used on input line 1311.
(pdftex.def)             Requested size: 289.07999pt x 222.36954pt.

Overfull \hbox (2.43333pt too wide) in paragraph at lines 1307--1317
|  $[]$ 
 []

[54 <./images/tut6_img0.png>]
<images/tut6_img3.png, id=707, 578.16pt x 505.89pt>
File: images/tut6_img3.png Graphic file (type png)
<use images/tut6_img3.png>
Package pdftex.def Info: images/tut6_img3.png  used on input line 1323.
(pdftex.def)             Requested size: 289.07999pt x 252.94437pt.

Overfull \hbox (2.43333pt too wide) in paragraph at lines 1319--1329
[]|  $[]$ 
 []

<images/tut6_img4.png, id=708, 578.16pt x 505.89pt>
File: images/tut6_img4.png Graphic file (type png)
<use images/tut6_img4.png>
Package pdftex.def Info: images/tut6_img4.png  used on input line 1334.
(pdftex.def)             Requested size: 289.07999pt x 252.94437pt.

Overfull \hbox (2.43333pt too wide) in paragraph at lines 1330--1340
[]|  $[]$ 
 []

[55 <./images/tut6_img2.png> <./images/tut6_img3.png>]
<images/tut6_img5.png, id=718, 578.16pt x 505.89pt>
File: images/tut6_img5.png Graphic file (type png)
<use images/tut6_img5.png>
Package pdftex.def Info: images/tut6_img5.png  used on input line 1346.
(pdftex.def)             Requested size: 289.07999pt x 252.94437pt.

Overfull \hbox (2.43333pt too wide) in paragraph at lines 1342--1352
[]|  $[]$ 
 []

<images/tut6_img6.png, id=719, 633.36626pt x 649.42625pt>
File: images/tut6_img6.png Graphic file (type png)
<use images/tut6_img6.png>
Package pdftex.def Info: images/tut6_img6.png  used on input line 1357.
(pdftex.def)             Requested size: 289.07999pt x 296.41098pt.

Overfull \hbox (2.43333pt too wide) in paragraph at lines 1353--1363
[]|  $[]$ 
 []

[56 <./images/tut6_img4.png> <./images/tut6_img5.png>]
<images/tut6_img8.png, id=728, 856.19875pt x 722.7pt>
File: images/tut6_img8.png Graphic file (type png)
<use images/tut6_img8.png>
Package pdftex.def Info: images/tut6_img8.png  used on input line 1371.
(pdftex.def)             Requested size: 289.07999pt x 244.00548pt.

Overfull \hbox (2.43333pt too wide) in paragraph at lines 1367--1377
[]|  $[]$ 
 []

<images/tut6_img9.png, id=729, 1706.375pt x 1041.8925pt>
File: images/tut6_img9.png Graphic file (type png)
<use images/tut6_img9.png>
Package pdftex.def Info: images/tut6_img9.png  used on input line 1383.
(pdftex.def)             Requested size: 289.07999pt x 176.49936pt.

Overfull \hbox (2.43333pt too wide) in paragraph at lines 1379--1389
[]|  $[]$ 
 []

[57 <./images/tut6_img6.png> <./images/tut6_img8.png>]
<images/tut6_img10.png, id=738, 1706.375pt x 1041.8925pt>
File: images/tut6_img10.png Graphic file (type png)
<use images/tut6_img10.png>
Package pdftex.def Info: images/tut6_img10.png  used on input line 1394.
(pdftex.def)             Requested size: 289.07999pt x 176.49936pt.

Overfull \hbox (2.43333pt too wide) in paragraph at lines 1390--1400
[]|  $[]$ 
 []

<images/tut6_img11.png, id=739, 1706.375pt x 1041.8925pt>
File: images/tut6_img11.png Graphic file (type png)
<use images/tut6_img11.png>
Package pdftex.def Info: images/tut6_img11.png  used on input line 1405.
(pdftex.def)             Requested size: 289.07999pt x 176.49936pt.

Overfull \hbox (2.43333pt too wide) in paragraph at lines 1401--1411
[]|  $[]$ 
 []

<images/tut6_img12.png, id=740, 325.215pt x 289.08pt>
File: images/tut6_img12.png Graphic file (type png)
<use images/tut6_img12.png>
Package pdftex.def Info: images/tut6_img12.png  used on input line 1417.
(pdftex.def)             Requested size: 216.81pt x 192.7254pt.

Overfull \hbox (2.43333pt too wide) in paragraph at lines 1413--1423
[]|  $[]$ 
 []

[58 <./images/tut6_img9.png> <./images/tut6_img10.png> <./images/tut6_img11.png
>]
<images/tut6_img13.png, id=752, 325.215pt x 289.08pt>
File: images/tut6_img13.png Graphic file (type png)
<use images/tut6_img13.png>
Package pdftex.def Info: images/tut6_img13.png  used on input line 1429.
(pdftex.def)             Requested size: 216.81pt x 192.7254pt.

Overfull \hbox (2.43333pt too wide) in paragraph at lines 1425--1435
[]|  $[]$ 
 []

<images/tut6_img14.png, id=753, 325.215pt x 289.08pt>
File: images/tut6_img14.png Graphic file (type png)
<use images/tut6_img14.png>
Package pdftex.def Info: images/tut6_img14.png  used on input line 1440.
(pdftex.def)             Requested size: 216.81pt x 192.7254pt.

Overfull \hbox (2.43333pt too wide) in paragraph at lines 1436--1446
[]|  $[]$ 
 []

[59 <./images/tut6_img12.png (PNG copy)> <./images/tut6_img13.png (PNG copy)>]
<images/tut6_img15.png, id=760, 325.215pt x 289.08pt>
File: images/tut6_img15.png Graphic file (type png)
<use images/tut6_img15.png>
Package pdftex.def Info: images/tut6_img15.png  used on input line 1451.
(pdftex.def)             Requested size: 216.81pt x 192.7254pt.

Overfull \hbox (2.43333pt too wide) in paragraph at lines 1447--1457
[]|  $[]$ 
 []

<images/tut6_img16.png, id=761, 325.215pt x 289.08pt>
File: images/tut6_img16.png Graphic file (type png)
<use images/tut6_img16.png>
Package pdftex.def Info: images/tut6_img16.png  used on input line 1463.
(pdftex.def)             Requested size: 216.81pt x 192.7254pt.

Overfull \hbox (2.43333pt too wide) in paragraph at lines 1459--1469
[]|  $[]$ 
 []

[60 <./images/tut6_img14.png (PNG copy)> <./images/tut6_img15.png (PNG copy)>]
[61 <./images/tut6_img16.png (PNG copy)>]

Package catoptions Warning: Undefined options 
(catoptions)                [Family, Option, Value]: 
(catoptions)                fontenc.sty,T1,. 
(catoptions)                Default action already taken in each case .

Package atveryend Info: Empty hook `BeforeClearDocument' on input line 1475.
Package atveryend Info: Empty hook `AfterLastShipout' on input line 1475.
(./tutoriais.aux)
Package atveryend Info: Executing hook `AtVeryEndDocument' on input line 1475.
Package atveryend Info: Executing hook `AtEndAfterFileList' on input line 1475.

Package rerunfilecheck Info: File `tutoriais.out' has not changed.
(rerunfilecheck)             Checksum: 1B747DBCE536C04AB59D37FCF8B812B7;2183.


LaTeX Warning: There were undefined references.


LaTeX Warning: There were multiply-defined labels.

 ) 
Here is how much of TeX's memory you used:
 33540 strings out of 481239
 676852 string characters out of 5920378
 1276262 words of memory out of 5000000
 47665 multiletter control sequences out of 15000+600000
 583290 words of font info for 103 fonts, out of 8000000 for 9000
 1142 hyphenation exceptions out of 8191
 75i,8n,150p,842b,2226s stack positions out of 5000i,500n,10000p,200000b,80000s
{/usr/share/texmf/fonts/enc/dvips/lm/lm-ts1.enc}{/usr/share/texmf/fonts/enc/d
vips/lm/lm-ec.enc}</usr/share/texmf/fonts/type1/public/lm/lmbx10.pfb></usr/shar
e/texmf/fonts/type1/public/lm/lmbx12.pfb></usr/share/texmf/fonts/type1/public/l
m/lmbxi10.pfb></usr/share/texmf/fonts/type1/public/lm/lmr10.pfb></usr/share/tex
mf/fonts/type1/public/lm/lmri10.pfb></usr/share/texmf/fonts/type1/public/lm/lmr
o10.pfb></usr/share/texmf/fonts/type1/public/lm/lmtk10.pfb></usr/share/texmf/fo
nts/type1/public/lm/lmtt10.pfb></usr/share/texmf/fonts/type1/public/lm/lmtto10.
pfb>
Output written on tutoriais.pdf (61 pages, 20554143 bytes).
PDF statistics:
 866 PDF objects out of 1000 (max. 8388607)
 650 compressed objects within 7 object streams
 255 named destinations out of 1000 (max. 500000)
 17631 words of extra memory for PDF output out of 20736 (max. 10000000)

